[2025-12-17 20:59:30] local.ERROR: could not find driver (Connection: sqlite, SQL: select * from "sessions" where "id" = TKFPoRWOgzZIhdFN5liiEpdcMARM6akKZzHRbJdo limit 1) {"exception":"[object] (Illuminate\\Database\\QueryException(code: 0): could not find driver (Connection: sqlite, SQL: select * from \"sessions\" where \"id\" = TKFPoRWOgzZIhdFN5liiEpdcMARM6akKZzHRbJdo limit 1) at /mnt/windows-d/Linux Shared Files/VsCode/qrcode-maker/backend/vendor/laravel/framework/src/Illuminate/Database/Connection.php:826)
[stacktrace]
#0 /mnt/windows-d/Linux Shared Files/VsCode/qrcode-maker/backend/vendor/laravel/framework/src/Illuminate/Database/Connection.php(780): Illuminate\\Database\\Connection->runQueryCallback()
#1 /mnt/windows-d/Linux Shared Files/VsCode/qrcode-maker/backend/vendor/laravel/framework/src/Illuminate/Database/Connection.php(397): Illuminate\\Database\\Connection->run()
#2 /mnt/windows-d/Linux Shared Files/VsCode/qrcode-maker/backend/vendor/laravel/framework/src/Illuminate/Database/Query/Builder.php(3188): Illuminate\\Database\\Connection->select()
#3 /mnt/windows-d/Linux Shared Files/VsCode/qrcode-maker/backend/vendor/laravel/framework/src/Illuminate/Database/Query/Builder.php(3173): Illuminate\\Database\\Query\\Builder->runSelect()
#4 /mnt/windows-d/Linux Shared Files/VsCode/qrcode-maker/backend/vendor/laravel/framework/src/Illuminate/Database/Query/Builder.php(3763): Illuminate\\Database\\Query\\Builder->{closure:Illuminate\\Database\\Query\\Builder::get():3172}()
#5 /mnt/windows-d/Linux Shared Files/VsCode/qrcode-maker/backend/vendor/laravel/framework/src/Illuminate/Database/Query/Builder.php(3172): Illuminate\\Database\\Query\\Builder->onceWithColumns()
#6 /mnt/windows-d/Linux Shared Files/VsCode/qrcode-maker/backend/vendor/laravel/framework/src/Illuminate/Database/Concerns/BuildsQueries.php(366): Illuminate\\Database\\Query\\Builder->get()
#7 /mnt/windows-d/Linux Shared Files/VsCode/qrcode-maker/backend/vendor/laravel/framework/src/Illuminate/Database/Query/Builder.php(3095): Illuminate\\Database\\Query\\Builder->first()
#8 /mnt/windows-d/Linux Shared Files/VsCode/qrcode-maker/backend/vendor/laravel/framework/src/Illuminate/Session/DatabaseSessionHandler.php(96): Illuminate\\Database\\Query\\Builder->find()
#9 /mnt/windows-d/Linux Shared Files/VsCode/qrcode-maker/backend/vendor/laravel/framework/src/Illuminate/Session/Store.php(117): Illuminate\\Session\\DatabaseSessionHandler->read()
#10 /mnt/windows-d/Linux Shared Files/VsCode/qrcode-maker/backend/vendor/laravel/framework/src/Illuminate/Session/Store.php(105): Illuminate\\Session\\Store->readFromHandler()
#11 /mnt/windows-d/Linux Shared Files/VsCode/qrcode-maker/backend/vendor/laravel/framework/src/Illuminate/Session/Store.php(89): Illuminate\\Session\\Store->loadSession()
#12 /mnt/windows-d/Linux Shared Files/VsCode/qrcode-maker/backend/vendor/laravel/framework/src/Illuminate/Session/Middleware/StartSession.php(146): Illuminate\\Session\\Store->start()
#13 /mnt/windows-d/Linux Shared Files/VsCode/qrcode-maker/backend/vendor/laravel/framework/src/Illuminate/Support/helpers.php(390): Illuminate\\Session\\Middleware\\StartSession->{closure:Illuminate\\Session\\Middleware\\StartSession::startSession():143}()
#14 /mnt/windows-d/Linux Shared Files/VsCode/qrcode-maker/backend/vendor/laravel/framework/src/Illuminate/Session/Middleware/StartSession.php(143): tap()
#15 /mnt/windows-d/Linux Shared Files/VsCode/qrcode-maker/backend/vendor/laravel/framework/src/Illuminate/Session/Middleware/StartSession.php(115): Illuminate\\Session\\Middleware\\StartSession->startSession()
#16 /mnt/windows-d/Linux Shared Files/VsCode/qrcode-maker/backend/vendor/laravel/framework/src/Illuminate/Session/Middleware/StartSession.php(63): Illuminate\\Session\\Middleware\\StartSession->handleStatefulRequest()
#17 /mnt/windows-d/Linux Shared Files/VsCode/qrcode-maker/backend/vendor/laravel/framework/src/Illuminate/Pipeline/Pipeline.php(219): Illuminate\\Session\\Middleware\\StartSession->handle()
#18 /mnt/windows-d/Linux Shared Files/VsCode/qrcode-maker/backend/vendor/laravel/framework/src/Illuminate/Cookie/Middleware/AddQueuedCookiesToResponse.php(36): Illuminate\\Pipeline\\Pipeline->{closure:{closure:Illuminate\\Pipeline\\Pipeline::carry():194}:195}()
#19 /mnt/windows-d/Linux Shared Files/VsCode/qrcode-maker/backend/vendor/laravel/framework/src/Illuminate/Pipeline/Pipeline.php(219): Illuminate\\Cookie\\Middleware\\AddQueuedCookiesToResponse->handle()
#20 /mnt/windows-d/Linux Shared Files/VsCode/qrcode-maker/backend/vendor/laravel/framework/src/Illuminate/Cookie/Middleware/EncryptCookies.php(74): Illuminate\\Pipeline\\Pipeline->{closure:{closure:Illuminate\\Pipeline\\Pipeline::carry():194}:195}()
#21 /mnt/windows-d/Linux Shared Files/VsCode/qrcode-maker/backend/vendor/laravel/framework/src/Illuminate/Pipeline/Pipeline.php(219): Illuminate\\Cookie\\Middleware\\EncryptCookies->handle()
#22 /mnt/windows-d/Linux Shared Files/VsCode/qrcode-maker/backend/vendor/laravel/framework/src/Illuminate/Pipeline/Pipeline.php(137): Illuminate\\Pipeline\\Pipeline->{closure:{closure:Illuminate\\Pipeline\\Pipeline::carry():194}:195}()
#23 /mnt/windows-d/Linux Shared Files/VsCode/qrcode-maker/backend/vendor/laravel/framework/src/Illuminate/Routing/Router.php(821): Illuminate\\Pipeline\\Pipeline->then()
#24 /mnt/windows-d/Linux Shared Files/VsCode/qrcode-maker/backend/vendor/laravel/framework/src/Illuminate/Routing/Router.php(800): Illuminate\\Routing\\Router->runRouteWithinStack()
#25 /mnt/windows-d/Linux Shared Files/VsCode/qrcode-maker/backend/vendor/laravel/framework/src/Illuminate/Routing/Router.php(764): Illuminate\\Routing\\Router->runRoute()
#26 /mnt/windows-d/Linux Shared Files/VsCode/qrcode-maker/backend/vendor/laravel/framework/src/Illuminate/Routing/Router.php(753): Illuminate\\Routing\\Router->dispatchToRoute()
#27 /mnt/windows-d/Linux Shared Files/VsCode/qrcode-maker/backend/vendor/laravel/framework/src/Illuminate/Foundation/Http/Kernel.php(200): Illuminate\\Routing\\Router->dispatch()
#28 /mnt/windows-d/Linux Shared Files/VsCode/qrcode-maker/backend/vendor/laravel/framework/src/Illuminate/Pipeline/Pipeline.php(180): Illuminate\\Foundation\\Http\\Kernel->{closure:Illuminate\\Foundation\\Http\\Kernel::dispatchToRouter():197}()
#29 /mnt/windows-d/Linux Shared Files/VsCode/qrcode-maker/backend/vendor/laravel/framework/src/Illuminate/Foundation/Http/Middleware/TransformsRequest.php(21): Illuminate\\Pipeline\\Pipeline->{closure:Illuminate\\Pipeline\\Pipeline::prepareDestination():178}()
#30 /mnt/windows-d/Linux Shared Files/VsCode/qrcode-maker/backend/vendor/laravel/framework/src/Illuminate/Foundation/Http/Middleware/ConvertEmptyStringsToNull.php(31): Illuminate\\Foundation\\Http\\Middleware\\TransformsRequest->handle()
#31 /mnt/windows-d/Linux Shared Files/VsCode/qrcode-maker/backend/vendor/laravel/framework/src/Illuminate/Pipeline/Pipeline.php(219): Illuminate\\Foundation\\Http\\Middleware\\ConvertEmptyStringsToNull->handle()
#32 /mnt/windows-d/Linux Shared Files/VsCode/qrcode-maker/backend/vendor/laravel/framework/src/Illuminate/Foundation/Http/Middleware/TransformsRequest.php(21): Illuminate\\Pipeline\\Pipeline->{closure:{closure:Illuminate\\Pipeline\\Pipeline::carry():194}:195}()
#33 /mnt/windows-d/Linux Shared Files/VsCode/qrcode-maker/backend/vendor/laravel/framework/src/Illuminate/Foundation/Http/Middleware/TrimStrings.php(51): Illuminate\\Foundation\\Http\\Middleware\\TransformsRequest->handle()
#34 /mnt/windows-d/Linux Shared Files/VsCode/qrcode-maker/backend/vendor/laravel/framework/src/Illuminate/Pipeline/Pipeline.php(219): Illuminate\\Foundation\\Http\\Middleware\\TrimStrings->handle()
#35 /mnt/windows-d/Linux Shared Files/VsCode/qrcode-maker/backend/vendor/laravel/framework/src/Illuminate/Http/Middleware/ValidatePostSize.php(27): Illuminate\\Pipeline\\Pipeline->{closure:{closure:Illuminate\\Pipeline\\Pipeline::carry():194}:195}()
#36 /mnt/windows-d/Linux Shared Files/VsCode/qrcode-maker/backend/vendor/laravel/framework/src/Illuminate/Pipeline/Pipeline.php(219): Illuminate\\Http\\Middleware\\ValidatePostSize->handle()
#37 /mnt/windows-d/Linux Shared Files/VsCode/qrcode-maker/backend/vendor/laravel/framework/src/Illuminate/Foundation/Http/Middleware/PreventRequestsDuringMaintenance.php(109): Illuminate\\Pipeline\\Pipeline->{closure:{closure:Illuminate\\Pipeline\\Pipeline::carry():194}:195}()
#38 /mnt/windows-d/Linux Shared Files/VsCode/qrcode-maker/backend/vendor/laravel/framework/src/Illuminate/Pipeline/Pipeline.php(219): Illuminate\\Foundation\\Http\\Middleware\\PreventRequestsDuringMaintenance->handle()
#39 /mnt/windows-d/Linux Shared Files/VsCode/qrcode-maker/backend/vendor/laravel/framework/src/Illuminate/Http/Middleware/HandleCors.php(48): Illuminate\\Pipeline\\Pipeline->{closure:{closure:Illuminate\\Pipeline\\Pipeline::carry():194}:195}()
#40 /mnt/windows-d/Linux Shared Files/VsCode/qrcode-maker/backend/vendor/laravel/framework/src/Illuminate/Pipeline/Pipeline.php(219): Illuminate\\Http\\Middleware\\HandleCors->handle()
#41 /mnt/windows-d/Linux Shared Files/VsCode/qrcode-maker/backend/vendor/laravel/framework/src/Illuminate/Http/Middleware/TrustProxies.php(58): Illuminate\\Pipeline\\Pipeline->{closure:{closure:Illuminate\\Pipeline\\Pipeline::carry():194}:195}()
#42 /mnt/windows-d/Linux Shared Files/VsCode/qrcode-maker/backend/vendor/laravel/framework/src/Illuminate/Pipeline/Pipeline.php(219): Illuminate\\Http\\Middleware\\TrustProxies->handle()
#43 /mnt/windows-d/Linux Shared Files/VsCode/qrcode-maker/backend/vendor/laravel/framework/src/Illuminate/Foundation/Http/Middleware/InvokeDeferredCallbacks.php(22): Illuminate\\Pipeline\\Pipeline->{closure:{closure:Illuminate\\Pipeline\\Pipeline::carry():194}:195}()
#44 /mnt/windows-d/Linux Shared Files/VsCode/qrcode-maker/backend/vendor/laravel/framework/src/Illuminate/Pipeline/Pipeline.php(219): Illuminate\\Foundation\\Http\\Middleware\\InvokeDeferredCallbacks->handle()
#45 /mnt/windows-d/Linux Shared Files/VsCode/qrcode-maker/backend/vendor/laravel/framework/src/Illuminate/Http/Middleware/ValidatePathEncoding.php(26): Illuminate\\Pipeline\\Pipeline->{closure:{closure:Illuminate\\Pipeline\\Pipeline::carry():194}:195}()
#46 /mnt/windows-d/Linux Shared Files/VsCode/qrcode-maker/backend/vendor/laravel/framework/src/Illuminate/Pipeline/Pipeline.php(219): Illuminate\\Http\\Middleware\\ValidatePathEncoding->handle()
#47 /mnt/windows-d/Linux Shared Files/VsCode/qrcode-maker/backend/vendor/laravel/framework/src/Illuminate/Pipeline/Pipeline.php(137): Illuminate\\Pipeline\\Pipeline->{closure:{closure:Illuminate\\Pipeline\\Pipeline::carry():194}:195}()
#48 /mnt/windows-d/Linux Shared Files/VsCode/qrcode-maker/backend/vendor/laravel/framework/src/Illuminate/Foundation/Http/Kernel.php(175): Illuminate\\Pipeline\\Pipeline->then()
#49 /mnt/windows-d/Linux Shared Files/VsCode/qrcode-maker/backend/vendor/laravel/framework/src/Illuminate/Foundation/Http/Kernel.php(144): Illuminate\\Foundation\\Http\\Kernel->sendRequestThroughRouter()
#50 /mnt/windows-d/Linux Shared Files/VsCode/qrcode-maker/backend/vendor/laravel/framework/src/Illuminate/Foundation/Application.php(1220): Illuminate\\Foundation\\Http\\Kernel->handle()
#51 /mnt/windows-d/Linux Shared Files/VsCode/qrcode-maker/backend/public/index.php(20): Illuminate\\Foundation\\Application->handleRequest()
#52 /mnt/windows-d/Linux Shared Files/VsCode/qrcode-maker/backend/vendor/laravel/framework/src/Illuminate/Foundation/resources/server.php(23): require_once('...')
#53 {main}

[previous exception] [object] (PDOException(code: 0): could not find driver at /mnt/windows-d/Linux Shared Files/VsCode/qrcode-maker/backend/vendor/laravel/framework/src/Illuminate/Database/Connectors/Connector.php:67)
[stacktrace]
#0 /mnt/windows-d/Linux Shared Files/VsCode/qrcode-maker/backend/vendor/laravel/framework/src/Illuminate/Database/Connectors/Connector.php(67): PDO::connect()
#1 /mnt/windows-d/Linux Shared Files/VsCode/qrcode-maker/backend/vendor/laravel/framework/src/Illuminate/Database/Connectors/Connector.php(44): Illuminate\\Database\\Connectors\\Connector->createPdoConnection()
#2 /mnt/windows-d/Linux Shared Files/VsCode/qrcode-maker/backend/vendor/laravel/framework/src/Illuminate/Database/Connectors/SQLiteConnector.php(21): Illuminate\\Database\\Connectors\\Connector->createConnection()
#3 /mnt/windows-d/Linux Shared Files/VsCode/qrcode-maker/backend/vendor/laravel/framework/src/Illuminate/Database/Connectors/ConnectionFactory.php(223): Illuminate\\Database\\Connectors\\SQLiteConnector->connect()
#4 [internal function]: Illuminate\\Database\\Connectors\\ConnectionFactory->{closure:Illuminate\\Database\\Connectors\\ConnectionFactory::createPdoResolverWithoutHosts():223}()
#5 /mnt/windows-d/Linux Shared Files/VsCode/qrcode-maker/backend/vendor/laravel/framework/src/Illuminate/Database/Connection.php(1236): call_user_func()
#6 /mnt/windows-d/Linux Shared Files/VsCode/qrcode-maker/backend/vendor/laravel/framework/src/Illuminate/Database/Connection.php(511): Illuminate\\Database\\Connection->getPdo()
#7 /mnt/windows-d/Linux Shared Files/VsCode/qrcode-maker/backend/vendor/laravel/framework/src/Illuminate/Database/Connection.php(406): Illuminate\\Database\\Connection->getPdoForSelect()
#8 /mnt/windows-d/Linux Shared Files/VsCode/qrcode-maker/backend/vendor/laravel/framework/src/Illuminate/Database/Connection.php(813): Illuminate\\Database\\Connection->{closure:Illuminate\\Database\\Connection::select():397}()
#9 /mnt/windows-d/Linux Shared Files/VsCode/qrcode-maker/backend/vendor/laravel/framework/src/Illuminate/Database/Connection.php(780): Illuminate\\Database\\Connection->runQueryCallback()
#10 /mnt/windows-d/Linux Shared Files/VsCode/qrcode-maker/backend/vendor/laravel/framework/src/Illuminate/Database/Connection.php(397): Illuminate\\Database\\Connection->run()
#11 /mnt/windows-d/Linux Shared Files/VsCode/qrcode-maker/backend/vendor/laravel/framework/src/Illuminate/Database/Query/Builder.php(3188): Illuminate\\Database\\Connection->select()
#12 /mnt/windows-d/Linux Shared Files/VsCode/qrcode-maker/backend/vendor/laravel/framework/src/Illuminate/Database/Query/Builder.php(3173): Illuminate\\Database\\Query\\Builder->runSelect()
#13 /mnt/windows-d/Linux Shared Files/VsCode/qrcode-maker/backend/vendor/laravel/framework/src/Illuminate/Database/Query/Builder.php(3763): Illuminate\\Database\\Query\\Builder->{closure:Illuminate\\Database\\Query\\Builder::get():3172}()
#14 /mnt/windows-d/Linux Shared Files/VsCode/qrcode-maker/backend/vendor/laravel/framework/src/Illuminate/Database/Query/Builder.php(3172): Illuminate\\Database\\Query\\Builder->onceWithColumns()
#15 /mnt/windows-d/Linux Shared Files/VsCode/qrcode-maker/backend/vendor/laravel/framework/src/Illuminate/Database/Concerns/BuildsQueries.php(366): Illuminate\\Database\\Query\\Builder->get()
#16 /mnt/windows-d/Linux Shared Files/VsCode/qrcode-maker/backend/vendor/laravel/framework/src/Illuminate/Database/Query/Builder.php(3095): Illuminate\\Database\\Query\\Builder->first()
#17 /mnt/windows-d/Linux Shared Files/VsCode/qrcode-maker/backend/vendor/laravel/framework/src/Illuminate/Session/DatabaseSessionHandler.php(96): Illuminate\\Database\\Query\\Builder->find()
#18 /mnt/windows-d/Linux Shared Files/VsCode/qrcode-maker/backend/vendor/laravel/framework/src/Illuminate/Session/Store.php(117): Illuminate\\Session\\DatabaseSessionHandler->read()
#19 /mnt/windows-d/Linux Shared Files/VsCode/qrcode-maker/backend/vendor/laravel/framework/src/Illuminate/Session/Store.php(105): Illuminate\\Session\\Store->readFromHandler()
#20 /mnt/windows-d/Linux Shared Files/VsCode/qrcode-maker/backend/vendor/laravel/framework/src/Illuminate/Session/Store.php(89): Illuminate\\Session\\Store->loadSession()
#21 /mnt/windows-d/Linux Shared Files/VsCode/qrcode-maker/backend/vendor/laravel/framework/src/Illuminate/Session/Middleware/StartSession.php(146): Illuminate\\Session\\Store->start()
#22 /mnt/windows-d/Linux Shared Files/VsCode/qrcode-maker/backend/vendor/laravel/framework/src/Illuminate/Support/helpers.php(390): Illuminate\\Session\\Middleware\\StartSession->{closure:Illuminate\\Session\\Middleware\\StartSession::startSession():143}()
#23 /mnt/windows-d/Linux Shared Files/VsCode/qrcode-maker/backend/vendor/laravel/framework/src/Illuminate/Session/Middleware/StartSession.php(143): tap()
#24 /mnt/windows-d/Linux Shared Files/VsCode/qrcode-maker/backend/vendor/laravel/framework/src/Illuminate/Session/Middleware/StartSession.php(115): Illuminate\\Session\\Middleware\\StartSession->startSession()
#25 /mnt/windows-d/Linux Shared Files/VsCode/qrcode-maker/backend/vendor/laravel/framework/src/Illuminate/Session/Middleware/StartSession.php(63): Illuminate\\Session\\Middleware\\StartSession->handleStatefulRequest()
#26 /mnt/windows-d/Linux Shared Files/VsCode/qrcode-maker/backend/vendor/laravel/framework/src/Illuminate/Pipeline/Pipeline.php(219): Illuminate\\Session\\Middleware\\StartSession->handle()
#27 /mnt/windows-d/Linux Shared Files/VsCode/qrcode-maker/backend/vendor/laravel/framework/src/Illuminate/Cookie/Middleware/AddQueuedCookiesToResponse.php(36): Illuminate\\Pipeline\\Pipeline->{closure:{closure:Illuminate\\Pipeline\\Pipeline::carry():194}:195}()
#28 /mnt/windows-d/Linux Shared Files/VsCode/qrcode-maker/backend/vendor/laravel/framework/src/Illuminate/Pipeline/Pipeline.php(219): Illuminate\\Cookie\\Middleware\\AddQueuedCookiesToResponse->handle()
#29 /mnt/windows-d/Linux Shared Files/VsCode/qrcode-maker/backend/vendor/laravel/framework/src/Illuminate/Cookie/Middleware/EncryptCookies.php(74): Illuminate\\Pipeline\\Pipeline->{closure:{closure:Illuminate\\Pipeline\\Pipeline::carry():194}:195}()
#30 /mnt/windows-d/Linux Shared Files/VsCode/qrcode-maker/backend/vendor/laravel/framework/src/Illuminate/Pipeline/Pipeline.php(219): Illuminate\\Cookie\\Middleware\\EncryptCookies->handle()
#31 /mnt/windows-d/Linux Shared Files/VsCode/qrcode-maker/backend/vendor/laravel/framework/src/Illuminate/Pipeline/Pipeline.php(137): Illuminate\\Pipeline\\Pipeline->{closure:{closure:Illuminate\\Pipeline\\Pipeline::carry():194}:195}()
#32 /mnt/windows-d/Linux Shared Files/VsCode/qrcode-maker/backend/vendor/laravel/framework/src/Illuminate/Routing/Router.php(821): Illuminate\\Pipeline\\Pipeline->then()
#33 /mnt/windows-d/Linux Shared Files/VsCode/qrcode-maker/backend/vendor/laravel/framework/src/Illuminate/Routing/Router.php(800): Illuminate\\Routing\\Router->runRouteWithinStack()
#34 /mnt/windows-d/Linux Shared Files/VsCode/qrcode-maker/backend/vendor/laravel/framework/src/Illuminate/Routing/Router.php(764): Illuminate\\Routing\\Router->runRoute()
#35 /mnt/windows-d/Linux Shared Files/VsCode/qrcode-maker/backend/vendor/laravel/framework/src/Illuminate/Routing/Router.php(753): Illuminate\\Routing\\Router->dispatchToRoute()
#36 /mnt/windows-d/Linux Shared Files/VsCode/qrcode-maker/backend/vendor/laravel/framework/src/Illuminate/Foundation/Http/Kernel.php(200): Illuminate\\Routing\\Router->dispatch()
#37 /mnt/windows-d/Linux Shared Files/VsCode/qrcode-maker/backend/vendor/laravel/framework/src/Illuminate/Pipeline/Pipeline.php(180): Illuminate\\Foundation\\Http\\Kernel->{closure:Illuminate\\Foundation\\Http\\Kernel::dispatchToRouter():197}()
#38 /mnt/windows-d/Linux Shared Files/VsCode/qrcode-maker/backend/vendor/laravel/framework/src/Illuminate/Foundation/Http/Middleware/TransformsRequest.php(21): Illuminate\\Pipeline\\Pipeline->{closure:Illuminate\\Pipeline\\Pipeline::prepareDestination():178}()
#39 /mnt/windows-d/Linux Shared Files/VsCode/qrcode-maker/backend/vendor/laravel/framework/src/Illuminate/Foundation/Http/Middleware/ConvertEmptyStringsToNull.php(31): Illuminate\\Foundation\\Http\\Middleware\\TransformsRequest->handle()
#40 /mnt/windows-d/Linux Shared Files/VsCode/qrcode-maker/backend/vendor/laravel/framework/src/Illuminate/Pipeline/Pipeline.php(219): Illuminate\\Foundation\\Http\\Middleware\\ConvertEmptyStringsToNull->handle()
#41 /mnt/windows-d/Linux Shared Files/VsCode/qrcode-maker/backend/vendor/laravel/framework/src/Illuminate/Foundation/Http/Middleware/TransformsRequest.php(21): Illuminate\\Pipeline\\Pipeline->{closure:{closure:Illuminate\\Pipeline\\Pipeline::carry():194}:195}()
#42 /mnt/windows-d/Linux Shared Files/VsCode/qrcode-maker/backend/vendor/laravel/framework/src/Illuminate/Foundation/Http/Middleware/TrimStrings.php(51): Illuminate\\Foundation\\Http\\Middleware\\TransformsRequest->handle()
#43 /mnt/windows-d/Linux Shared Files/VsCode/qrcode-maker/backend/vendor/laravel/framework/src/Illuminate/Pipeline/Pipeline.php(219): Illuminate\\Foundation\\Http\\Middleware\\TrimStrings->handle()
#44 /mnt/windows-d/Linux Shared Files/VsCode/qrcode-maker/backend/vendor/laravel/framework/src/Illuminate/Http/Middleware/ValidatePostSize.php(27): Illuminate\\Pipeline\\Pipeline->{closure:{closure:Illuminate\\Pipeline\\Pipeline::carry():194}:195}()
#45 /mnt/windows-d/Linux Shared Files/VsCode/qrcode-maker/backend/vendor/laravel/framework/src/Illuminate/Pipeline/Pipeline.php(219): Illuminate\\Http\\Middleware\\ValidatePostSize->handle()
#46 /mnt/windows-d/Linux Shared Files/VsCode/qrcode-maker/backend/vendor/laravel/framework/src/Illuminate/Foundation/Http/Middleware/PreventRequestsDuringMaintenance.php(109): Illuminate\\Pipeline\\Pipeline->{closure:{closure:Illuminate\\Pipeline\\Pipeline::carry():194}:195}()
#47 /mnt/windows-d/Linux Shared Files/VsCode/qrcode-maker/backend/vendor/laravel/framework/src/Illuminate/Pipeline/Pipeline.php(219): Illuminate\\Foundation\\Http\\Middleware\\PreventRequestsDuringMaintenance->handle()
#48 /mnt/windows-d/Linux Shared Files/VsCode/qrcode-maker/backend/vendor/laravel/framework/src/Illuminate/Http/Middleware/HandleCors.php(48): Illuminate\\Pipeline\\Pipeline->{closure:{closure:Illuminate\\Pipeline\\Pipeline::carry():194}:195}()
#49 /mnt/windows-d/Linux Shared Files/VsCode/qrcode-maker/backend/vendor/laravel/framework/src/Illuminate/Pipeline/Pipeline.php(219): Illuminate\\Http\\Middleware\\HandleCors->handle()
#50 /mnt/windows-d/Linux Shared Files/VsCode/qrcode-maker/backend/vendor/laravel/framework/src/Illuminate/Http/Middleware/TrustProxies.php(58): Illuminate\\Pipeline\\Pipeline->{closure:{closure:Illuminate\\Pipeline\\Pipeline::carry():194}:195}()
#51 /mnt/windows-d/Linux Shared Files/VsCode/qrcode-maker/backend/vendor/laravel/framework/src/Illuminate/Pipeline/Pipeline.php(219): Illuminate\\Http\\Middleware\\TrustProxies->handle()
#52 /mnt/windows-d/Linux Shared Files/VsCode/qrcode-maker/backend/vendor/laravel/framework/src/Illuminate/Foundation/Http/Middleware/InvokeDeferredCallbacks.php(22): Illuminate\\Pipeline\\Pipeline->{closure:{closure:Illuminate\\Pipeline\\Pipeline::carry():194}:195}()
#53 /mnt/windows-d/Linux Shared Files/VsCode/qrcode-maker/backend/vendor/laravel/framework/src/Illuminate/Pipeline/Pipeline.php(219): Illuminate\\Foundation\\Http\\Middleware\\InvokeDeferredCallbacks->handle()
#54 /mnt/windows-d/Linux Shared Files/VsCode/qrcode-maker/backend/vendor/laravel/framework/src/Illuminate/Http/Middleware/ValidatePathEncoding.php(26): Illuminate\\Pipeline\\Pipeline->{closure:{closure:Illuminate\\Pipeline\\Pipeline::carry():194}:195}()
#55 /mnt/windows-d/Linux Shared Files/VsCode/qrcode-maker/backend/vendor/laravel/framework/src/Illuminate/Pipeline/Pipeline.php(219): Illuminate\\Http\\Middleware\\ValidatePathEncoding->handle()
#56 /mnt/windows-d/Linux Shared Files/VsCode/qrcode-maker/backend/vendor/laravel/framework/src/Illuminate/Pipeline/Pipeline.php(137): Illuminate\\Pipeline\\Pipeline->{closure:{closure:Illuminate\\Pipeline\\Pipeline::carry():194}:195}()
#57 /mnt/windows-d/Linux Shared Files/VsCode/qrcode-maker/backend/vendor/laravel/framework/src/Illuminate/Foundation/Http/Kernel.php(175): Illuminate\\Pipeline\\Pipeline->then()
#58 /mnt/windows-d/Linux Shared Files/VsCode/qrcode-maker/backend/vendor/laravel/framework/src/Illuminate/Foundation/Http/Kernel.php(144): Illuminate\\Foundation\\Http\\Kernel->sendRequestThroughRouter()
#59 /mnt/windows-d/Linux Shared Files/VsCode/qrcode-maker/backend/vendor/laravel/framework/src/Illuminate/Foundation/Application.php(1220): Illuminate\\Foundation\\Http\\Kernel->handle()
#60 /mnt/windows-d/Linux Shared Files/VsCode/qrcode-maker/backend/public/index.php(20): Illuminate\\Foundation\\Application->handleRequest()
#61 /mnt/windows-d/Linux Shared Files/VsCode/qrcode-maker/backend/vendor/laravel/framework/src/Illuminate/Foundation/resources/server.php(23): require_once('...')
#62 {main}
"} 
[2025-12-17 21:05:40] local.ERROR: could not find driver (Connection: sqlite, SQL: select * from "sessions" where "id" = EpfpnGV3odWZ4Z2cu5jTgLhPYHfGBnKFsjK299UV limit 1) {"exception":"[object] (Illuminate\\Database\\QueryException(code: 0): could not find driver (Connection: sqlite, SQL: select * from \"sessions\" where \"id\" = EpfpnGV3odWZ4Z2cu5jTgLhPYHfGBnKFsjK299UV limit 1) at /mnt/windows-d/Linux Shared Files/VsCode/qrcode-maker/backend/vendor/laravel/framework/src/Illuminate/Database/Connection.php:826)
[stacktrace]
#0 /mnt/windows-d/Linux Shared Files/VsCode/qrcode-maker/backend/vendor/laravel/framework/src/Illuminate/Database/Connection.php(780): Illuminate\\Database\\Connection->runQueryCallback()
#1 /mnt/windows-d/Linux Shared Files/VsCode/qrcode-maker/backend/vendor/laravel/framework/src/Illuminate/Database/Connection.php(397): Illuminate\\Database\\Connection->run()
#2 /mnt/windows-d/Linux Shared Files/VsCode/qrcode-maker/backend/vendor/laravel/framework/src/Illuminate/Database/Query/Builder.php(3188): Illuminate\\Database\\Connection->select()
#3 /mnt/windows-d/Linux Shared Files/VsCode/qrcode-maker/backend/vendor/laravel/framework/src/Illuminate/Database/Query/Builder.php(3173): Illuminate\\Database\\Query\\Builder->runSelect()
#4 /mnt/windows-d/Linux Shared Files/VsCode/qrcode-maker/backend/vendor/laravel/framework/src/Illuminate/Database/Query/Builder.php(3763): Illuminate\\Database\\Query\\Builder->{closure:Illuminate\\Database\\Query\\Builder::get():3172}()
#5 /mnt/windows-d/Linux Shared Files/VsCode/qrcode-maker/backend/vendor/laravel/framework/src/Illuminate/Database/Query/Builder.php(3172): Illuminate\\Database\\Query\\Builder->onceWithColumns()
#6 /mnt/windows-d/Linux Shared Files/VsCode/qrcode-maker/backend/vendor/laravel/framework/src/Illuminate/Database/Concerns/BuildsQueries.php(366): Illuminate\\Database\\Query\\Builder->get()
#7 /mnt/windows-d/Linux Shared Files/VsCode/qrcode-maker/backend/vendor/laravel/framework/src/Illuminate/Database/Query/Builder.php(3095): Illuminate\\Database\\Query\\Builder->first()
#8 /mnt/windows-d/Linux Shared Files/VsCode/qrcode-maker/backend/vendor/laravel/framework/src/Illuminate/Session/DatabaseSessionHandler.php(96): Illuminate\\Database\\Query\\Builder->find()
#9 /mnt/windows-d/Linux Shared Files/VsCode/qrcode-maker/backend/vendor/laravel/framework/src/Illuminate/Session/Store.php(117): Illuminate\\Session\\DatabaseSessionHandler->read()
#10 /mnt/windows-d/Linux Shared Files/VsCode/qrcode-maker/backend/vendor/laravel/framework/src/Illuminate/Session/Store.php(105): Illuminate\\Session\\Store->readFromHandler()
#11 /mnt/windows-d/Linux Shared Files/VsCode/qrcode-maker/backend/vendor/laravel/framework/src/Illuminate/Session/Store.php(89): Illuminate\\Session\\Store->loadSession()
#12 /mnt/windows-d/Linux Shared Files/VsCode/qrcode-maker/backend/vendor/laravel/framework/src/Illuminate/Session/Middleware/StartSession.php(146): Illuminate\\Session\\Store->start()
#13 /mnt/windows-d/Linux Shared Files/VsCode/qrcode-maker/backend/vendor/laravel/framework/src/Illuminate/Support/helpers.php(390): Illuminate\\Session\\Middleware\\StartSession->{closure:Illuminate\\Session\\Middleware\\StartSession::startSession():143}()
#14 /mnt/windows-d/Linux Shared Files/VsCode/qrcode-maker/backend/vendor/laravel/framework/src/Illuminate/Session/Middleware/StartSession.php(143): tap()
#15 /mnt/windows-d/Linux Shared Files/VsCode/qrcode-maker/backend/vendor/laravel/framework/src/Illuminate/Session/Middleware/StartSession.php(115): Illuminate\\Session\\Middleware\\StartSession->startSession()
#16 /mnt/windows-d/Linux Shared Files/VsCode/qrcode-maker/backend/vendor/laravel/framework/src/Illuminate/Session/Middleware/StartSession.php(63): Illuminate\\Session\\Middleware\\StartSession->handleStatefulRequest()
#17 /mnt/windows-d/Linux Shared Files/VsCode/qrcode-maker/backend/vendor/laravel/framework/src/Illuminate/Pipeline/Pipeline.php(219): Illuminate\\Session\\Middleware\\StartSession->handle()
#18 /mnt/windows-d/Linux Shared Files/VsCode/qrcode-maker/backend/vendor/laravel/framework/src/Illuminate/Cookie/Middleware/AddQueuedCookiesToResponse.php(36): Illuminate\\Pipeline\\Pipeline->{closure:{closure:Illuminate\\Pipeline\\Pipeline::carry():194}:195}()
#19 /mnt/windows-d/Linux Shared Files/VsCode/qrcode-maker/backend/vendor/laravel/framework/src/Illuminate/Pipeline/Pipeline.php(219): Illuminate\\Cookie\\Middleware\\AddQueuedCookiesToResponse->handle()
#20 /mnt/windows-d/Linux Shared Files/VsCode/qrcode-maker/backend/vendor/laravel/framework/src/Illuminate/Cookie/Middleware/EncryptCookies.php(74): Illuminate\\Pipeline\\Pipeline->{closure:{closure:Illuminate\\Pipeline\\Pipeline::carry():194}:195}()
#21 /mnt/windows-d/Linux Shared Files/VsCode/qrcode-maker/backend/vendor/laravel/framework/src/Illuminate/Pipeline/Pipeline.php(219): Illuminate\\Cookie\\Middleware\\EncryptCookies->handle()
#22 /mnt/windows-d/Linux Shared Files/VsCode/qrcode-maker/backend/vendor/laravel/framework/src/Illuminate/Pipeline/Pipeline.php(137): Illuminate\\Pipeline\\Pipeline->{closure:{closure:Illuminate\\Pipeline\\Pipeline::carry():194}:195}()
#23 /mnt/windows-d/Linux Shared Files/VsCode/qrcode-maker/backend/vendor/laravel/framework/src/Illuminate/Routing/Router.php(821): Illuminate\\Pipeline\\Pipeline->then()
#24 /mnt/windows-d/Linux Shared Files/VsCode/qrcode-maker/backend/vendor/laravel/framework/src/Illuminate/Routing/Router.php(800): Illuminate\\Routing\\Router->runRouteWithinStack()
#25 /mnt/windows-d/Linux Shared Files/VsCode/qrcode-maker/backend/vendor/laravel/framework/src/Illuminate/Routing/Router.php(764): Illuminate\\Routing\\Router->runRoute()
#26 /mnt/windows-d/Linux Shared Files/VsCode/qrcode-maker/backend/vendor/laravel/framework/src/Illuminate/Routing/Router.php(753): Illuminate\\Routing\\Router->dispatchToRoute()
#27 /mnt/windows-d/Linux Shared Files/VsCode/qrcode-maker/backend/vendor/laravel/framework/src/Illuminate/Foundation/Http/Kernel.php(200): Illuminate\\Routing\\Router->dispatch()
#28 /mnt/windows-d/Linux Shared Files/VsCode/qrcode-maker/backend/vendor/laravel/framework/src/Illuminate/Pipeline/Pipeline.php(180): Illuminate\\Foundation\\Http\\Kernel->{closure:Illuminate\\Foundation\\Http\\Kernel::dispatchToRouter():197}()
#29 /mnt/windows-d/Linux Shared Files/VsCode/qrcode-maker/backend/vendor/laravel/framework/src/Illuminate/Foundation/Http/Middleware/TransformsRequest.php(21): Illuminate\\Pipeline\\Pipeline->{closure:Illuminate\\Pipeline\\Pipeline::prepareDestination():178}()
#30 /mnt/windows-d/Linux Shared Files/VsCode/qrcode-maker/backend/vendor/laravel/framework/src/Illuminate/Foundation/Http/Middleware/ConvertEmptyStringsToNull.php(31): Illuminate\\Foundation\\Http\\Middleware\\TransformsRequest->handle()
#31 /mnt/windows-d/Linux Shared Files/VsCode/qrcode-maker/backend/vendor/laravel/framework/src/Illuminate/Pipeline/Pipeline.php(219): Illuminate\\Foundation\\Http\\Middleware\\ConvertEmptyStringsToNull->handle()
#32 /mnt/windows-d/Linux Shared Files/VsCode/qrcode-maker/backend/vendor/laravel/framework/src/Illuminate/Foundation/Http/Middleware/TransformsRequest.php(21): Illuminate\\Pipeline\\Pipeline->{closure:{closure:Illuminate\\Pipeline\\Pipeline::carry():194}:195}()
#33 /mnt/windows-d/Linux Shared Files/VsCode/qrcode-maker/backend/vendor/laravel/framework/src/Illuminate/Foundation/Http/Middleware/TrimStrings.php(51): Illuminate\\Foundation\\Http\\Middleware\\TransformsRequest->handle()
#34 /mnt/windows-d/Linux Shared Files/VsCode/qrcode-maker/backend/vendor/laravel/framework/src/Illuminate/Pipeline/Pipeline.php(219): Illuminate\\Foundation\\Http\\Middleware\\TrimStrings->handle()
#35 /mnt/windows-d/Linux Shared Files/VsCode/qrcode-maker/backend/vendor/laravel/framework/src/Illuminate/Http/Middleware/ValidatePostSize.php(27): Illuminate\\Pipeline\\Pipeline->{closure:{closure:Illuminate\\Pipeline\\Pipeline::carry():194}:195}()
#36 /mnt/windows-d/Linux Shared Files/VsCode/qrcode-maker/backend/vendor/laravel/framework/src/Illuminate/Pipeline/Pipeline.php(219): Illuminate\\Http\\Middleware\\ValidatePostSize->handle()
#37 /mnt/windows-d/Linux Shared Files/VsCode/qrcode-maker/backend/vendor/laravel/framework/src/Illuminate/Foundation/Http/Middleware/PreventRequestsDuringMaintenance.php(109): Illuminate\\Pipeline\\Pipeline->{closure:{closure:Illuminate\\Pipeline\\Pipeline::carry():194}:195}()
#38 /mnt/windows-d/Linux Shared Files/VsCode/qrcode-maker/backend/vendor/laravel/framework/src/Illuminate/Pipeline/Pipeline.php(219): Illuminate\\Foundation\\Http\\Middleware\\PreventRequestsDuringMaintenance->handle()
#39 /mnt/windows-d/Linux Shared Files/VsCode/qrcode-maker/backend/vendor/laravel/framework/src/Illuminate/Http/Middleware/HandleCors.php(48): Illuminate\\Pipeline\\Pipeline->{closure:{closure:Illuminate\\Pipeline\\Pipeline::carry():194}:195}()
#40 /mnt/windows-d/Linux Shared Files/VsCode/qrcode-maker/backend/vendor/laravel/framework/src/Illuminate/Pipeline/Pipeline.php(219): Illuminate\\Http\\Middleware\\HandleCors->handle()
#41 /mnt/windows-d/Linux Shared Files/VsCode/qrcode-maker/backend/vendor/laravel/framework/src/Illuminate/Http/Middleware/TrustProxies.php(58): Illuminate\\Pipeline\\Pipeline->{closure:{closure:Illuminate\\Pipeline\\Pipeline::carry():194}:195}()
#42 /mnt/windows-d/Linux Shared Files/VsCode/qrcode-maker/backend/vendor/laravel/framework/src/Illuminate/Pipeline/Pipeline.php(219): Illuminate\\Http\\Middleware\\TrustProxies->handle()
#43 /mnt/windows-d/Linux Shared Files/VsCode/qrcode-maker/backend/vendor/laravel/framework/src/Illuminate/Foundation/Http/Middleware/InvokeDeferredCallbacks.php(22): Illuminate\\Pipeline\\Pipeline->{closure:{closure:Illuminate\\Pipeline\\Pipeline::carry():194}:195}()
#44 /mnt/windows-d/Linux Shared Files/VsCode/qrcode-maker/backend/vendor/laravel/framework/src/Illuminate/Pipeline/Pipeline.php(219): Illuminate\\Foundation\\Http\\Middleware\\InvokeDeferredCallbacks->handle()
#45 /mnt/windows-d/Linux Shared Files/VsCode/qrcode-maker/backend/vendor/laravel/framework/src/Illuminate/Http/Middleware/ValidatePathEncoding.php(26): Illuminate\\Pipeline\\Pipeline->{closure:{closure:Illuminate\\Pipeline\\Pipeline::carry():194}:195}()
#46 /mnt/windows-d/Linux Shared Files/VsCode/qrcode-maker/backend/vendor/laravel/framework/src/Illuminate/Pipeline/Pipeline.php(219): Illuminate\\Http\\Middleware\\ValidatePathEncoding->handle()
#47 /mnt/windows-d/Linux Shared Files/VsCode/qrcode-maker/backend/vendor/laravel/framework/src/Illuminate/Pipeline/Pipeline.php(137): Illuminate\\Pipeline\\Pipeline->{closure:{closure:Illuminate\\Pipeline\\Pipeline::carry():194}:195}()
#48 /mnt/windows-d/Linux Shared Files/VsCode/qrcode-maker/backend/vendor/laravel/framework/src/Illuminate/Foundation/Http/Kernel.php(175): Illuminate\\Pipeline\\Pipeline->then()
#49 /mnt/windows-d/Linux Shared Files/VsCode/qrcode-maker/backend/vendor/laravel/framework/src/Illuminate/Foundation/Http/Kernel.php(144): Illuminate\\Foundation\\Http\\Kernel->sendRequestThroughRouter()
#50 /mnt/windows-d/Linux Shared Files/VsCode/qrcode-maker/backend/vendor/laravel/framework/src/Illuminate/Foundation/Application.php(1220): Illuminate\\Foundation\\Http\\Kernel->handle()
#51 /mnt/windows-d/Linux Shared Files/VsCode/qrcode-maker/backend/public/index.php(20): Illuminate\\Foundation\\Application->handleRequest()
#52 /mnt/windows-d/Linux Shared Files/VsCode/qrcode-maker/backend/vendor/laravel/framework/src/Illuminate/Foundation/resources/server.php(23): require_once('...')
#53 {main}

[previous exception] [object] (PDOException(code: 0): could not find driver at /mnt/windows-d/Linux Shared Files/VsCode/qrcode-maker/backend/vendor/laravel/framework/src/Illuminate/Database/Connectors/Connector.php:67)
[stacktrace]
#0 /mnt/windows-d/Linux Shared Files/VsCode/qrcode-maker/backend/vendor/laravel/framework/src/Illuminate/Database/Connectors/Connector.php(67): PDO::connect()
#1 /mnt/windows-d/Linux Shared Files/VsCode/qrcode-maker/backend/vendor/laravel/framework/src/Illuminate/Database/Connectors/Connector.php(44): Illuminate\\Database\\Connectors\\Connector->createPdoConnection()
#2 /mnt/windows-d/Linux Shared Files/VsCode/qrcode-maker/backend/vendor/laravel/framework/src/Illuminate/Database/Connectors/SQLiteConnector.php(21): Illuminate\\Database\\Connectors\\Connector->createConnection()
#3 /mnt/windows-d/Linux Shared Files/VsCode/qrcode-maker/backend/vendor/laravel/framework/src/Illuminate/Database/Connectors/ConnectionFactory.php(223): Illuminate\\Database\\Connectors\\SQLiteConnector->connect()
#4 [internal function]: Illuminate\\Database\\Connectors\\ConnectionFactory->{closure:Illuminate\\Database\\Connectors\\ConnectionFactory::createPdoResolverWithoutHosts():223}()
#5 /mnt/windows-d/Linux Shared Files/VsCode/qrcode-maker/backend/vendor/laravel/framework/src/Illuminate/Database/Connection.php(1236): call_user_func()
#6 /mnt/windows-d/Linux Shared Files/VsCode/qrcode-maker/backend/vendor/laravel/framework/src/Illuminate/Database/Connection.php(511): Illuminate\\Database\\Connection->getPdo()
#7 /mnt/windows-d/Linux Shared Files/VsCode/qrcode-maker/backend/vendor/laravel/framework/src/Illuminate/Database/Connection.php(406): Illuminate\\Database\\Connection->getPdoForSelect()
#8 /mnt/windows-d/Linux Shared Files/VsCode/qrcode-maker/backend/vendor/laravel/framework/src/Illuminate/Database/Connection.php(813): Illuminate\\Database\\Connection->{closure:Illuminate\\Database\\Connection::select():397}()
#9 /mnt/windows-d/Linux Shared Files/VsCode/qrcode-maker/backend/vendor/laravel/framework/src/Illuminate/Database/Connection.php(780): Illuminate\\Database\\Connection->runQueryCallback()
#10 /mnt/windows-d/Linux Shared Files/VsCode/qrcode-maker/backend/vendor/laravel/framework/src/Illuminate/Database/Connection.php(397): Illuminate\\Database\\Connection->run()
#11 /mnt/windows-d/Linux Shared Files/VsCode/qrcode-maker/backend/vendor/laravel/framework/src/Illuminate/Database/Query/Builder.php(3188): Illuminate\\Database\\Connection->select()
#12 /mnt/windows-d/Linux Shared Files/VsCode/qrcode-maker/backend/vendor/laravel/framework/src/Illuminate/Database/Query/Builder.php(3173): Illuminate\\Database\\Query\\Builder->runSelect()
#13 /mnt/windows-d/Linux Shared Files/VsCode/qrcode-maker/backend/vendor/laravel/framework/src/Illuminate/Database/Query/Builder.php(3763): Illuminate\\Database\\Query\\Builder->{closure:Illuminate\\Database\\Query\\Builder::get():3172}()
#14 /mnt/windows-d/Linux Shared Files/VsCode/qrcode-maker/backend/vendor/laravel/framework/src/Illuminate/Database/Query/Builder.php(3172): Illuminate\\Database\\Query\\Builder->onceWithColumns()
#15 /mnt/windows-d/Linux Shared Files/VsCode/qrcode-maker/backend/vendor/laravel/framework/src/Illuminate/Database/Concerns/BuildsQueries.php(366): Illuminate\\Database\\Query\\Builder->get()
#16 /mnt/windows-d/Linux Shared Files/VsCode/qrcode-maker/backend/vendor/laravel/framework/src/Illuminate/Database/Query/Builder.php(3095): Illuminate\\Database\\Query\\Builder->first()
#17 /mnt/windows-d/Linux Shared Files/VsCode/qrcode-maker/backend/vendor/laravel/framework/src/Illuminate/Session/DatabaseSessionHandler.php(96): Illuminate\\Database\\Query\\Builder->find()
#18 /mnt/windows-d/Linux Shared Files/VsCode/qrcode-maker/backend/vendor/laravel/framework/src/Illuminate/Session/Store.php(117): Illuminate\\Session\\DatabaseSessionHandler->read()
#19 /mnt/windows-d/Linux Shared Files/VsCode/qrcode-maker/backend/vendor/laravel/framework/src/Illuminate/Session/Store.php(105): Illuminate\\Session\\Store->readFromHandler()
#20 /mnt/windows-d/Linux Shared Files/VsCode/qrcode-maker/backend/vendor/laravel/framework/src/Illuminate/Session/Store.php(89): Illuminate\\Session\\Store->loadSession()
#21 /mnt/windows-d/Linux Shared Files/VsCode/qrcode-maker/backend/vendor/laravel/framework/src/Illuminate/Session/Middleware/StartSession.php(146): Illuminate\\Session\\Store->start()
#22 /mnt/windows-d/Linux Shared Files/VsCode/qrcode-maker/backend/vendor/laravel/framework/src/Illuminate/Support/helpers.php(390): Illuminate\\Session\\Middleware\\StartSession->{closure:Illuminate\\Session\\Middleware\\StartSession::startSession():143}()
#23 /mnt/windows-d/Linux Shared Files/VsCode/qrcode-maker/backend/vendor/laravel/framework/src/Illuminate/Session/Middleware/StartSession.php(143): tap()
#24 /mnt/windows-d/Linux Shared Files/VsCode/qrcode-maker/backend/vendor/laravel/framework/src/Illuminate/Session/Middleware/StartSession.php(115): Illuminate\\Session\\Middleware\\StartSession->startSession()
#25 /mnt/windows-d/Linux Shared Files/VsCode/qrcode-maker/backend/vendor/laravel/framework/src/Illuminate/Session/Middleware/StartSession.php(63): Illuminate\\Session\\Middleware\\StartSession->handleStatefulRequest()
#26 /mnt/windows-d/Linux Shared Files/VsCode/qrcode-maker/backend/vendor/laravel/framework/src/Illuminate/Pipeline/Pipeline.php(219): Illuminate\\Session\\Middleware\\StartSession->handle()
#27 /mnt/windows-d/Linux Shared Files/VsCode/qrcode-maker/backend/vendor/laravel/framework/src/Illuminate/Cookie/Middleware/AddQueuedCookiesToResponse.php(36): Illuminate\\Pipeline\\Pipeline->{closure:{closure:Illuminate\\Pipeline\\Pipeline::carry():194}:195}()
#28 /mnt/windows-d/Linux Shared Files/VsCode/qrcode-maker/backend/vendor/laravel/framework/src/Illuminate/Pipeline/Pipeline.php(219): Illuminate\\Cookie\\Middleware\\AddQueuedCookiesToResponse->handle()
#29 /mnt/windows-d/Linux Shared Files/VsCode/qrcode-maker/backend/vendor/laravel/framework/src/Illuminate/Cookie/Middleware/EncryptCookies.php(74): Illuminate\\Pipeline\\Pipeline->{closure:{closure:Illuminate\\Pipeline\\Pipeline::carry():194}:195}()
#30 /mnt/windows-d/Linux Shared Files/VsCode/qrcode-maker/backend/vendor/laravel/framework/src/Illuminate/Pipeline/Pipeline.php(219): Illuminate\\Cookie\\Middleware\\EncryptCookies->handle()
#31 /mnt/windows-d/Linux Shared Files/VsCode/qrcode-maker/backend/vendor/laravel/framework/src/Illuminate/Pipeline/Pipeline.php(137): Illuminate\\Pipeline\\Pipeline->{closure:{closure:Illuminate\\Pipeline\\Pipeline::carry():194}:195}()
#32 /mnt/windows-d/Linux Shared Files/VsCode/qrcode-maker/backend/vendor/laravel/framework/src/Illuminate/Routing/Router.php(821): Illuminate\\Pipeline\\Pipeline->then()
#33 /mnt/windows-d/Linux Shared Files/VsCode/qrcode-maker/backend/vendor/laravel/framework/src/Illuminate/Routing/Router.php(800): Illuminate\\Routing\\Router->runRouteWithinStack()
#34 /mnt/windows-d/Linux Shared Files/VsCode/qrcode-maker/backend/vendor/laravel/framework/src/Illuminate/Routing/Router.php(764): Illuminate\\Routing\\Router->runRoute()
#35 /mnt/windows-d/Linux Shared Files/VsCode/qrcode-maker/backend/vendor/laravel/framework/src/Illuminate/Routing/Router.php(753): Illuminate\\Routing\\Router->dispatchToRoute()
#36 /mnt/windows-d/Linux Shared Files/VsCode/qrcode-maker/backend/vendor/laravel/framework/src/Illuminate/Foundation/Http/Kernel.php(200): Illuminate\\Routing\\Router->dispatch()
#37 /mnt/windows-d/Linux Shared Files/VsCode/qrcode-maker/backend/vendor/laravel/framework/src/Illuminate/Pipeline/Pipeline.php(180): Illuminate\\Foundation\\Http\\Kernel->{closure:Illuminate\\Foundation\\Http\\Kernel::dispatchToRouter():197}()
#38 /mnt/windows-d/Linux Shared Files/VsCode/qrcode-maker/backend/vendor/laravel/framework/src/Illuminate/Foundation/Http/Middleware/TransformsRequest.php(21): Illuminate\\Pipeline\\Pipeline->{closure:Illuminate\\Pipeline\\Pipeline::prepareDestination():178}()
#39 /mnt/windows-d/Linux Shared Files/VsCode/qrcode-maker/backend/vendor/laravel/framework/src/Illuminate/Foundation/Http/Middleware/ConvertEmptyStringsToNull.php(31): Illuminate\\Foundation\\Http\\Middleware\\TransformsRequest->handle()
#40 /mnt/windows-d/Linux Shared Files/VsCode/qrcode-maker/backend/vendor/laravel/framework/src/Illuminate/Pipeline/Pipeline.php(219): Illuminate\\Foundation\\Http\\Middleware\\ConvertEmptyStringsToNull->handle()
#41 /mnt/windows-d/Linux Shared Files/VsCode/qrcode-maker/backend/vendor/laravel/framework/src/Illuminate/Foundation/Http/Middleware/TransformsRequest.php(21): Illuminate\\Pipeline\\Pipeline->{closure:{closure:Illuminate\\Pipeline\\Pipeline::carry():194}:195}()
#42 /mnt/windows-d/Linux Shared Files/VsCode/qrcode-maker/backend/vendor/laravel/framework/src/Illuminate/Foundation/Http/Middleware/TrimStrings.php(51): Illuminate\\Foundation\\Http\\Middleware\\TransformsRequest->handle()
#43 /mnt/windows-d/Linux Shared Files/VsCode/qrcode-maker/backend/vendor/laravel/framework/src/Illuminate/Pipeline/Pipeline.php(219): Illuminate\\Foundation\\Http\\Middleware\\TrimStrings->handle()
#44 /mnt/windows-d/Linux Shared Files/VsCode/qrcode-maker/backend/vendor/laravel/framework/src/Illuminate/Http/Middleware/ValidatePostSize.php(27): Illuminate\\Pipeline\\Pipeline->{closure:{closure:Illuminate\\Pipeline\\Pipeline::carry():194}:195}()
#45 /mnt/windows-d/Linux Shared Files/VsCode/qrcode-maker/backend/vendor/laravel/framework/src/Illuminate/Pipeline/Pipeline.php(219): Illuminate\\Http\\Middleware\\ValidatePostSize->handle()
#46 /mnt/windows-d/Linux Shared Files/VsCode/qrcode-maker/backend/vendor/laravel/framework/src/Illuminate/Foundation/Http/Middleware/PreventRequestsDuringMaintenance.php(109): Illuminate\\Pipeline\\Pipeline->{closure:{closure:Illuminate\\Pipeline\\Pipeline::carry():194}:195}()
#47 /mnt/windows-d/Linux Shared Files/VsCode/qrcode-maker/backend/vendor/laravel/framework/src/Illuminate/Pipeline/Pipeline.php(219): Illuminate\\Foundation\\Http\\Middleware\\PreventRequestsDuringMaintenance->handle()
#48 /mnt/windows-d/Linux Shared Files/VsCode/qrcode-maker/backend/vendor/laravel/framework/src/Illuminate/Http/Middleware/HandleCors.php(48): Illuminate\\Pipeline\\Pipeline->{closure:{closure:Illuminate\\Pipeline\\Pipeline::carry():194}:195}()
#49 /mnt/windows-d/Linux Shared Files/VsCode/qrcode-maker/backend/vendor/laravel/framework/src/Illuminate/Pipeline/Pipeline.php(219): Illuminate\\Http\\Middleware\\HandleCors->handle()
#50 /mnt/windows-d/Linux Shared Files/VsCode/qrcode-maker/backend/vendor/laravel/framework/src/Illuminate/Http/Middleware/TrustProxies.php(58): Illuminate\\Pipeline\\Pipeline->{closure:{closure:Illuminate\\Pipeline\\Pipeline::carry():194}:195}()
#51 /mnt/windows-d/Linux Shared Files/VsCode/qrcode-maker/backend/vendor/laravel/framework/src/Illuminate/Pipeline/Pipeline.php(219): Illuminate\\Http\\Middleware\\TrustProxies->handle()
#52 /mnt/windows-d/Linux Shared Files/VsCode/qrcode-maker/backend/vendor/laravel/framework/src/Illuminate/Foundation/Http/Middleware/InvokeDeferredCallbacks.php(22): Illuminate\\Pipeline\\Pipeline->{closure:{closure:Illuminate\\Pipeline\\Pipeline::carry():194}:195}()
#53 /mnt/windows-d/Linux Shared Files/VsCode/qrcode-maker/backend/vendor/laravel/framework/src/Illuminate/Pipeline/Pipeline.php(219): Illuminate\\Foundation\\Http\\Middleware\\InvokeDeferredCallbacks->handle()
#54 /mnt/windows-d/Linux Shared Files/VsCode/qrcode-maker/backend/vendor/laravel/framework/src/Illuminate/Http/Middleware/ValidatePathEncoding.php(26): Illuminate\\Pipeline\\Pipeline->{closure:{closure:Illuminate\\Pipeline\\Pipeline::carry():194}:195}()
#55 /mnt/windows-d/Linux Shared Files/VsCode/qrcode-maker/backend/vendor/laravel/framework/src/Illuminate/Pipeline/Pipeline.php(219): Illuminate\\Http\\Middleware\\ValidatePathEncoding->handle()
#56 /mnt/windows-d/Linux Shared Files/VsCode/qrcode-maker/backend/vendor/laravel/framework/src/Illuminate/Pipeline/Pipeline.php(137): Illuminate\\Pipeline\\Pipeline->{closure:{closure:Illuminate\\Pipeline\\Pipeline::carry():194}:195}()
#57 /mnt/windows-d/Linux Shared Files/VsCode/qrcode-maker/backend/vendor/laravel/framework/src/Illuminate/Foundation/Http/Kernel.php(175): Illuminate\\Pipeline\\Pipeline->then()
#58 /mnt/windows-d/Linux Shared Files/VsCode/qrcode-maker/backend/vendor/laravel/framework/src/Illuminate/Foundation/Http/Kernel.php(144): Illuminate\\Foundation\\Http\\Kernel->sendRequestThroughRouter()
#59 /mnt/windows-d/Linux Shared Files/VsCode/qrcode-maker/backend/vendor/laravel/framework/src/Illuminate/Foundation/Application.php(1220): Illuminate\\Foundation\\Http\\Kernel->handle()
#60 /mnt/windows-d/Linux Shared Files/VsCode/qrcode-maker/backend/public/index.php(20): Illuminate\\Foundation\\Application->handleRequest()
#61 /mnt/windows-d/Linux Shared Files/VsCode/qrcode-maker/backend/vendor/laravel/framework/src/Illuminate/Foundation/resources/server.php(23): require_once('...')
#62 {main}
"} 
[2025-12-17 21:08:07] local.ERROR: SQLSTATE[HY000]: General error: 1 no such table: sessions (Connection: sqlite, SQL: select * from "sessions" where "id" = H2xqSugPT5oSkTOeSVOYFVrw6LYf2CF3PekczyRc limit 1) {"exception":"[object] (Illuminate\\Database\\QueryException(code: HY000): SQLSTATE[HY000]: General error: 1 no such table: sessions (Connection: sqlite, SQL: select * from \"sessions\" where \"id\" = H2xqSugPT5oSkTOeSVOYFVrw6LYf2CF3PekczyRc limit 1) at /mnt/windows-d/Linux Shared Files/VsCode/qrcode-maker/backend/vendor/laravel/framework/src/Illuminate/Database/Connection.php:826)
[stacktrace]
#0 /mnt/windows-d/Linux Shared Files/VsCode/qrcode-maker/backend/vendor/laravel/framework/src/Illuminate/Database/Connection.php(780): Illuminate\\Database\\Connection->runQueryCallback()
#1 /mnt/windows-d/Linux Shared Files/VsCode/qrcode-maker/backend/vendor/laravel/framework/src/Illuminate/Database/Connection.php(397): Illuminate\\Database\\Connection->run()
#2 /mnt/windows-d/Linux Shared Files/VsCode/qrcode-maker/backend/vendor/laravel/framework/src/Illuminate/Database/Query/Builder.php(3188): Illuminate\\Database\\Connection->select()
#3 /mnt/windows-d/Linux Shared Files/VsCode/qrcode-maker/backend/vendor/laravel/framework/src/Illuminate/Database/Query/Builder.php(3173): Illuminate\\Database\\Query\\Builder->runSelect()
#4 /mnt/windows-d/Linux Shared Files/VsCode/qrcode-maker/backend/vendor/laravel/framework/src/Illuminate/Database/Query/Builder.php(3763): Illuminate\\Database\\Query\\Builder->{closure:Illuminate\\Database\\Query\\Builder::get():3172}()
#5 /mnt/windows-d/Linux Shared Files/VsCode/qrcode-maker/backend/vendor/laravel/framework/src/Illuminate/Database/Query/Builder.php(3172): Illuminate\\Database\\Query\\Builder->onceWithColumns()
#6 /mnt/windows-d/Linux Shared Files/VsCode/qrcode-maker/backend/vendor/laravel/framework/src/Illuminate/Database/Concerns/BuildsQueries.php(366): Illuminate\\Database\\Query\\Builder->get()
#7 /mnt/windows-d/Linux Shared Files/VsCode/qrcode-maker/backend/vendor/laravel/framework/src/Illuminate/Database/Query/Builder.php(3095): Illuminate\\Database\\Query\\Builder->first()
#8 /mnt/windows-d/Linux Shared Files/VsCode/qrcode-maker/backend/vendor/laravel/framework/src/Illuminate/Session/DatabaseSessionHandler.php(96): Illuminate\\Database\\Query\\Builder->find()
#9 /mnt/windows-d/Linux Shared Files/VsCode/qrcode-maker/backend/vendor/laravel/framework/src/Illuminate/Session/Store.php(117): Illuminate\\Session\\DatabaseSessionHandler->read()
#10 /mnt/windows-d/Linux Shared Files/VsCode/qrcode-maker/backend/vendor/laravel/framework/src/Illuminate/Session/Store.php(105): Illuminate\\Session\\Store->readFromHandler()
#11 /mnt/windows-d/Linux Shared Files/VsCode/qrcode-maker/backend/vendor/laravel/framework/src/Illuminate/Session/Store.php(89): Illuminate\\Session\\Store->loadSession()
#12 /mnt/windows-d/Linux Shared Files/VsCode/qrcode-maker/backend/vendor/laravel/framework/src/Illuminate/Session/Middleware/StartSession.php(146): Illuminate\\Session\\Store->start()
#13 /mnt/windows-d/Linux Shared Files/VsCode/qrcode-maker/backend/vendor/laravel/framework/src/Illuminate/Support/helpers.php(390): Illuminate\\Session\\Middleware\\StartSession->{closure:Illuminate\\Session\\Middleware\\StartSession::startSession():143}()
#14 /mnt/windows-d/Linux Shared Files/VsCode/qrcode-maker/backend/vendor/laravel/framework/src/Illuminate/Session/Middleware/StartSession.php(143): tap()
#15 /mnt/windows-d/Linux Shared Files/VsCode/qrcode-maker/backend/vendor/laravel/framework/src/Illuminate/Session/Middleware/StartSession.php(115): Illuminate\\Session\\Middleware\\StartSession->startSession()
#16 /mnt/windows-d/Linux Shared Files/VsCode/qrcode-maker/backend/vendor/laravel/framework/src/Illuminate/Session/Middleware/StartSession.php(63): Illuminate\\Session\\Middleware\\StartSession->handleStatefulRequest()
#17 /mnt/windows-d/Linux Shared Files/VsCode/qrcode-maker/backend/vendor/laravel/framework/src/Illuminate/Pipeline/Pipeline.php(219): Illuminate\\Session\\Middleware\\StartSession->handle()
#18 /mnt/windows-d/Linux Shared Files/VsCode/qrcode-maker/backend/vendor/laravel/framework/src/Illuminate/Cookie/Middleware/AddQueuedCookiesToResponse.php(36): Illuminate\\Pipeline\\Pipeline->{closure:{closure:Illuminate\\Pipeline\\Pipeline::carry():194}:195}()
#19 /mnt/windows-d/Linux Shared Files/VsCode/qrcode-maker/backend/vendor/laravel/framework/src/Illuminate/Pipeline/Pipeline.php(219): Illuminate\\Cookie\\Middleware\\AddQueuedCookiesToResponse->handle()
#20 /mnt/windows-d/Linux Shared Files/VsCode/qrcode-maker/backend/vendor/laravel/framework/src/Illuminate/Cookie/Middleware/EncryptCookies.php(74): Illuminate\\Pipeline\\Pipeline->{closure:{closure:Illuminate\\Pipeline\\Pipeline::carry():194}:195}()
#21 /mnt/windows-d/Linux Shared Files/VsCode/qrcode-maker/backend/vendor/laravel/framework/src/Illuminate/Pipeline/Pipeline.php(219): Illuminate\\Cookie\\Middleware\\EncryptCookies->handle()
#22 /mnt/windows-d/Linux Shared Files/VsCode/qrcode-maker/backend/vendor/laravel/framework/src/Illuminate/Pipeline/Pipeline.php(137): Illuminate\\Pipeline\\Pipeline->{closure:{closure:Illuminate\\Pipeline\\Pipeline::carry():194}:195}()
#23 /mnt/windows-d/Linux Shared Files/VsCode/qrcode-maker/backend/vendor/laravel/framework/src/Illuminate/Routing/Router.php(821): Illuminate\\Pipeline\\Pipeline->then()
#24 /mnt/windows-d/Linux Shared Files/VsCode/qrcode-maker/backend/vendor/laravel/framework/src/Illuminate/Routing/Router.php(800): Illuminate\\Routing\\Router->runRouteWithinStack()
#25 /mnt/windows-d/Linux Shared Files/VsCode/qrcode-maker/backend/vendor/laravel/framework/src/Illuminate/Routing/Router.php(764): Illuminate\\Routing\\Router->runRoute()
#26 /mnt/windows-d/Linux Shared Files/VsCode/qrcode-maker/backend/vendor/laravel/framework/src/Illuminate/Routing/Router.php(753): Illuminate\\Routing\\Router->dispatchToRoute()
#27 /mnt/windows-d/Linux Shared Files/VsCode/qrcode-maker/backend/vendor/laravel/framework/src/Illuminate/Foundation/Http/Kernel.php(200): Illuminate\\Routing\\Router->dispatch()
#28 /mnt/windows-d/Linux Shared Files/VsCode/qrcode-maker/backend/vendor/laravel/framework/src/Illuminate/Pipeline/Pipeline.php(180): Illuminate\\Foundation\\Http\\Kernel->{closure:Illuminate\\Foundation\\Http\\Kernel::dispatchToRouter():197}()
#29 /mnt/windows-d/Linux Shared Files/VsCode/qrcode-maker/backend/vendor/laravel/framework/src/Illuminate/Foundation/Http/Middleware/TransformsRequest.php(21): Illuminate\\Pipeline\\Pipeline->{closure:Illuminate\\Pipeline\\Pipeline::prepareDestination():178}()
#30 /mnt/windows-d/Linux Shared Files/VsCode/qrcode-maker/backend/vendor/laravel/framework/src/Illuminate/Foundation/Http/Middleware/ConvertEmptyStringsToNull.php(31): Illuminate\\Foundation\\Http\\Middleware\\TransformsRequest->handle()
#31 /mnt/windows-d/Linux Shared Files/VsCode/qrcode-maker/backend/vendor/laravel/framework/src/Illuminate/Pipeline/Pipeline.php(219): Illuminate\\Foundation\\Http\\Middleware\\ConvertEmptyStringsToNull->handle()
#32 /mnt/windows-d/Linux Shared Files/VsCode/qrcode-maker/backend/vendor/laravel/framework/src/Illuminate/Foundation/Http/Middleware/TransformsRequest.php(21): Illuminate\\Pipeline\\Pipeline->{closure:{closure:Illuminate\\Pipeline\\Pipeline::carry():194}:195}()
#33 /mnt/windows-d/Linux Shared Files/VsCode/qrcode-maker/backend/vendor/laravel/framework/src/Illuminate/Foundation/Http/Middleware/TrimStrings.php(51): Illuminate\\Foundation\\Http\\Middleware\\TransformsRequest->handle()
#34 /mnt/windows-d/Linux Shared Files/VsCode/qrcode-maker/backend/vendor/laravel/framework/src/Illuminate/Pipeline/Pipeline.php(219): Illuminate\\Foundation\\Http\\Middleware\\TrimStrings->handle()
#35 /mnt/windows-d/Linux Shared Files/VsCode/qrcode-maker/backend/vendor/laravel/framework/src/Illuminate/Http/Middleware/ValidatePostSize.php(27): Illuminate\\Pipeline\\Pipeline->{closure:{closure:Illuminate\\Pipeline\\Pipeline::carry():194}:195}()
#36 /mnt/windows-d/Linux Shared Files/VsCode/qrcode-maker/backend/vendor/laravel/framework/src/Illuminate/Pipeline/Pipeline.php(219): Illuminate\\Http\\Middleware\\ValidatePostSize->handle()
#37 /mnt/windows-d/Linux Shared Files/VsCode/qrcode-maker/backend/vendor/laravel/framework/src/Illuminate/Foundation/Http/Middleware/PreventRequestsDuringMaintenance.php(109): Illuminate\\Pipeline\\Pipeline->{closure:{closure:Illuminate\\Pipeline\\Pipeline::carry():194}:195}()
#38 /mnt/windows-d/Linux Shared Files/VsCode/qrcode-maker/backend/vendor/laravel/framework/src/Illuminate/Pipeline/Pipeline.php(219): Illuminate\\Foundation\\Http\\Middleware\\PreventRequestsDuringMaintenance->handle()
#39 /mnt/windows-d/Linux Shared Files/VsCode/qrcode-maker/backend/vendor/laravel/framework/src/Illuminate/Http/Middleware/HandleCors.php(48): Illuminate\\Pipeline\\Pipeline->{closure:{closure:Illuminate\\Pipeline\\Pipeline::carry():194}:195}()
#40 /mnt/windows-d/Linux Shared Files/VsCode/qrcode-maker/backend/vendor/laravel/framework/src/Illuminate/Pipeline/Pipeline.php(219): Illuminate\\Http\\Middleware\\HandleCors->handle()
#41 /mnt/windows-d/Linux Shared Files/VsCode/qrcode-maker/backend/vendor/laravel/framework/src/Illuminate/Http/Middleware/TrustProxies.php(58): Illuminate\\Pipeline\\Pipeline->{closure:{closure:Illuminate\\Pipeline\\Pipeline::carry():194}:195}()
#42 /mnt/windows-d/Linux Shared Files/VsCode/qrcode-maker/backend/vendor/laravel/framework/src/Illuminate/Pipeline/Pipeline.php(219): Illuminate\\Http\\Middleware\\TrustProxies->handle()
#43 /mnt/windows-d/Linux Shared Files/VsCode/qrcode-maker/backend/vendor/laravel/framework/src/Illuminate/Foundation/Http/Middleware/InvokeDeferredCallbacks.php(22): Illuminate\\Pipeline\\Pipeline->{closure:{closure:Illuminate\\Pipeline\\Pipeline::carry():194}:195}()
#44 /mnt/windows-d/Linux Shared Files/VsCode/qrcode-maker/backend/vendor/laravel/framework/src/Illuminate/Pipeline/Pipeline.php(219): Illuminate\\Foundation\\Http\\Middleware\\InvokeDeferredCallbacks->handle()
#45 /mnt/windows-d/Linux Shared Files/VsCode/qrcode-maker/backend/vendor/laravel/framework/src/Illuminate/Http/Middleware/ValidatePathEncoding.php(26): Illuminate\\Pipeline\\Pipeline->{closure:{closure:Illuminate\\Pipeline\\Pipeline::carry():194}:195}()
#46 /mnt/windows-d/Linux Shared Files/VsCode/qrcode-maker/backend/vendor/laravel/framework/src/Illuminate/Pipeline/Pipeline.php(219): Illuminate\\Http\\Middleware\\ValidatePathEncoding->handle()
#47 /mnt/windows-d/Linux Shared Files/VsCode/qrcode-maker/backend/vendor/laravel/framework/src/Illuminate/Pipeline/Pipeline.php(137): Illuminate\\Pipeline\\Pipeline->{closure:{closure:Illuminate\\Pipeline\\Pipeline::carry():194}:195}()
#48 /mnt/windows-d/Linux Shared Files/VsCode/qrcode-maker/backend/vendor/laravel/framework/src/Illuminate/Foundation/Http/Kernel.php(175): Illuminate\\Pipeline\\Pipeline->then()
#49 /mnt/windows-d/Linux Shared Files/VsCode/qrcode-maker/backend/vendor/laravel/framework/src/Illuminate/Foundation/Http/Kernel.php(144): Illuminate\\Foundation\\Http\\Kernel->sendRequestThroughRouter()
#50 /mnt/windows-d/Linux Shared Files/VsCode/qrcode-maker/backend/vendor/laravel/framework/src/Illuminate/Foundation/Application.php(1220): Illuminate\\Foundation\\Http\\Kernel->handle()
#51 /mnt/windows-d/Linux Shared Files/VsCode/qrcode-maker/backend/public/index.php(20): Illuminate\\Foundation\\Application->handleRequest()
#52 /mnt/windows-d/Linux Shared Files/VsCode/qrcode-maker/backend/vendor/laravel/framework/src/Illuminate/Foundation/resources/server.php(23): require_once('...')
#53 {main}

[previous exception] [object] (PDOException(code: HY000): SQLSTATE[HY000]: General error: 1 no such table: sessions at /mnt/windows-d/Linux Shared Files/VsCode/qrcode-maker/backend/vendor/laravel/framework/src/Illuminate/Database/Connection.php:406)
[stacktrace]
#0 /mnt/windows-d/Linux Shared Files/VsCode/qrcode-maker/backend/vendor/laravel/framework/src/Illuminate/Database/Connection.php(406): PDO->prepare()
#1 /mnt/windows-d/Linux Shared Files/VsCode/qrcode-maker/backend/vendor/laravel/framework/src/Illuminate/Database/Connection.php(813): Illuminate\\Database\\Connection->{closure:Illuminate\\Database\\Connection::select():397}()
#2 /mnt/windows-d/Linux Shared Files/VsCode/qrcode-maker/backend/vendor/laravel/framework/src/Illuminate/Database/Connection.php(780): Illuminate\\Database\\Connection->runQueryCallback()
#3 /mnt/windows-d/Linux Shared Files/VsCode/qrcode-maker/backend/vendor/laravel/framework/src/Illuminate/Database/Connection.php(397): Illuminate\\Database\\Connection->run()
#4 /mnt/windows-d/Linux Shared Files/VsCode/qrcode-maker/backend/vendor/laravel/framework/src/Illuminate/Database/Query/Builder.php(3188): Illuminate\\Database\\Connection->select()
#5 /mnt/windows-d/Linux Shared Files/VsCode/qrcode-maker/backend/vendor/laravel/framework/src/Illuminate/Database/Query/Builder.php(3173): Illuminate\\Database\\Query\\Builder->runSelect()
#6 /mnt/windows-d/Linux Shared Files/VsCode/qrcode-maker/backend/vendor/laravel/framework/src/Illuminate/Database/Query/Builder.php(3763): Illuminate\\Database\\Query\\Builder->{closure:Illuminate\\Database\\Query\\Builder::get():3172}()
#7 /mnt/windows-d/Linux Shared Files/VsCode/qrcode-maker/backend/vendor/laravel/framework/src/Illuminate/Database/Query/Builder.php(3172): Illuminate\\Database\\Query\\Builder->onceWithColumns()
#8 /mnt/windows-d/Linux Shared Files/VsCode/qrcode-maker/backend/vendor/laravel/framework/src/Illuminate/Database/Concerns/BuildsQueries.php(366): Illuminate\\Database\\Query\\Builder->get()
#9 /mnt/windows-d/Linux Shared Files/VsCode/qrcode-maker/backend/vendor/laravel/framework/src/Illuminate/Database/Query/Builder.php(3095): Illuminate\\Database\\Query\\Builder->first()
#10 /mnt/windows-d/Linux Shared Files/VsCode/qrcode-maker/backend/vendor/laravel/framework/src/Illuminate/Session/DatabaseSessionHandler.php(96): Illuminate\\Database\\Query\\Builder->find()
#11 /mnt/windows-d/Linux Shared Files/VsCode/qrcode-maker/backend/vendor/laravel/framework/src/Illuminate/Session/Store.php(117): Illuminate\\Session\\DatabaseSessionHandler->read()
#12 /mnt/windows-d/Linux Shared Files/VsCode/qrcode-maker/backend/vendor/laravel/framework/src/Illuminate/Session/Store.php(105): Illuminate\\Session\\Store->readFromHandler()
#13 /mnt/windows-d/Linux Shared Files/VsCode/qrcode-maker/backend/vendor/laravel/framework/src/Illuminate/Session/Store.php(89): Illuminate\\Session\\Store->loadSession()
#14 /mnt/windows-d/Linux Shared Files/VsCode/qrcode-maker/backend/vendor/laravel/framework/src/Illuminate/Session/Middleware/StartSession.php(146): Illuminate\\Session\\Store->start()
#15 /mnt/windows-d/Linux Shared Files/VsCode/qrcode-maker/backend/vendor/laravel/framework/src/Illuminate/Support/helpers.php(390): Illuminate\\Session\\Middleware\\StartSession->{closure:Illuminate\\Session\\Middleware\\StartSession::startSession():143}()
#16 /mnt/windows-d/Linux Shared Files/VsCode/qrcode-maker/backend/vendor/laravel/framework/src/Illuminate/Session/Middleware/StartSession.php(143): tap()
#17 /mnt/windows-d/Linux Shared Files/VsCode/qrcode-maker/backend/vendor/laravel/framework/src/Illuminate/Session/Middleware/StartSession.php(115): Illuminate\\Session\\Middleware\\StartSession->startSession()
#18 /mnt/windows-d/Linux Shared Files/VsCode/qrcode-maker/backend/vendor/laravel/framework/src/Illuminate/Session/Middleware/StartSession.php(63): Illuminate\\Session\\Middleware\\StartSession->handleStatefulRequest()
#19 /mnt/windows-d/Linux Shared Files/VsCode/qrcode-maker/backend/vendor/laravel/framework/src/Illuminate/Pipeline/Pipeline.php(219): Illuminate\\Session\\Middleware\\StartSession->handle()
#20 /mnt/windows-d/Linux Shared Files/VsCode/qrcode-maker/backend/vendor/laravel/framework/src/Illuminate/Cookie/Middleware/AddQueuedCookiesToResponse.php(36): Illuminate\\Pipeline\\Pipeline->{closure:{closure:Illuminate\\Pipeline\\Pipeline::carry():194}:195}()
#21 /mnt/windows-d/Linux Shared Files/VsCode/qrcode-maker/backend/vendor/laravel/framework/src/Illuminate/Pipeline/Pipeline.php(219): Illuminate\\Cookie\\Middleware\\AddQueuedCookiesToResponse->handle()
#22 /mnt/windows-d/Linux Shared Files/VsCode/qrcode-maker/backend/vendor/laravel/framework/src/Illuminate/Cookie/Middleware/EncryptCookies.php(74): Illuminate\\Pipeline\\Pipeline->{closure:{closure:Illuminate\\Pipeline\\Pipeline::carry():194}:195}()
#23 /mnt/windows-d/Linux Shared Files/VsCode/qrcode-maker/backend/vendor/laravel/framework/src/Illuminate/Pipeline/Pipeline.php(219): Illuminate\\Cookie\\Middleware\\EncryptCookies->handle()
#24 /mnt/windows-d/Linux Shared Files/VsCode/qrcode-maker/backend/vendor/laravel/framework/src/Illuminate/Pipeline/Pipeline.php(137): Illuminate\\Pipeline\\Pipeline->{closure:{closure:Illuminate\\Pipeline\\Pipeline::carry():194}:195}()
#25 /mnt/windows-d/Linux Shared Files/VsCode/qrcode-maker/backend/vendor/laravel/framework/src/Illuminate/Routing/Router.php(821): Illuminate\\Pipeline\\Pipeline->then()
#26 /mnt/windows-d/Linux Shared Files/VsCode/qrcode-maker/backend/vendor/laravel/framework/src/Illuminate/Routing/Router.php(800): Illuminate\\Routing\\Router->runRouteWithinStack()
#27 /mnt/windows-d/Linux Shared Files/VsCode/qrcode-maker/backend/vendor/laravel/framework/src/Illuminate/Routing/Router.php(764): Illuminate\\Routing\\Router->runRoute()
#28 /mnt/windows-d/Linux Shared Files/VsCode/qrcode-maker/backend/vendor/laravel/framework/src/Illuminate/Routing/Router.php(753): Illuminate\\Routing\\Router->dispatchToRoute()
#29 /mnt/windows-d/Linux Shared Files/VsCode/qrcode-maker/backend/vendor/laravel/framework/src/Illuminate/Foundation/Http/Kernel.php(200): Illuminate\\Routing\\Router->dispatch()
#30 /mnt/windows-d/Linux Shared Files/VsCode/qrcode-maker/backend/vendor/laravel/framework/src/Illuminate/Pipeline/Pipeline.php(180): Illuminate\\Foundation\\Http\\Kernel->{closure:Illuminate\\Foundation\\Http\\Kernel::dispatchToRouter():197}()
#31 /mnt/windows-d/Linux Shared Files/VsCode/qrcode-maker/backend/vendor/laravel/framework/src/Illuminate/Foundation/Http/Middleware/TransformsRequest.php(21): Illuminate\\Pipeline\\Pipeline->{closure:Illuminate\\Pipeline\\Pipeline::prepareDestination():178}()
#32 /mnt/windows-d/Linux Shared Files/VsCode/qrcode-maker/backend/vendor/laravel/framework/src/Illuminate/Foundation/Http/Middleware/ConvertEmptyStringsToNull.php(31): Illuminate\\Foundation\\Http\\Middleware\\TransformsRequest->handle()
#33 /mnt/windows-d/Linux Shared Files/VsCode/qrcode-maker/backend/vendor/laravel/framework/src/Illuminate/Pipeline/Pipeline.php(219): Illuminate\\Foundation\\Http\\Middleware\\ConvertEmptyStringsToNull->handle()
#34 /mnt/windows-d/Linux Shared Files/VsCode/qrcode-maker/backend/vendor/laravel/framework/src/Illuminate/Foundation/Http/Middleware/TransformsRequest.php(21): Illuminate\\Pipeline\\Pipeline->{closure:{closure:Illuminate\\Pipeline\\Pipeline::carry():194}:195}()
#35 /mnt/windows-d/Linux Shared Files/VsCode/qrcode-maker/backend/vendor/laravel/framework/src/Illuminate/Foundation/Http/Middleware/TrimStrings.php(51): Illuminate\\Foundation\\Http\\Middleware\\TransformsRequest->handle()
#36 /mnt/windows-d/Linux Shared Files/VsCode/qrcode-maker/backend/vendor/laravel/framework/src/Illuminate/Pipeline/Pipeline.php(219): Illuminate\\Foundation\\Http\\Middleware\\TrimStrings->handle()
#37 /mnt/windows-d/Linux Shared Files/VsCode/qrcode-maker/backend/vendor/laravel/framework/src/Illuminate/Http/Middleware/ValidatePostSize.php(27): Illuminate\\Pipeline\\Pipeline->{closure:{closure:Illuminate\\Pipeline\\Pipeline::carry():194}:195}()
#38 /mnt/windows-d/Linux Shared Files/VsCode/qrcode-maker/backend/vendor/laravel/framework/src/Illuminate/Pipeline/Pipeline.php(219): Illuminate\\Http\\Middleware\\ValidatePostSize->handle()
#39 /mnt/windows-d/Linux Shared Files/VsCode/qrcode-maker/backend/vendor/laravel/framework/src/Illuminate/Foundation/Http/Middleware/PreventRequestsDuringMaintenance.php(109): Illuminate\\Pipeline\\Pipeline->{closure:{closure:Illuminate\\Pipeline\\Pipeline::carry():194}:195}()
#40 /mnt/windows-d/Linux Shared Files/VsCode/qrcode-maker/backend/vendor/laravel/framework/src/Illuminate/Pipeline/Pipeline.php(219): Illuminate\\Foundation\\Http\\Middleware\\PreventRequestsDuringMaintenance->handle()
#41 /mnt/windows-d/Linux Shared Files/VsCode/qrcode-maker/backend/vendor/laravel/framework/src/Illuminate/Http/Middleware/HandleCors.php(48): Illuminate\\Pipeline\\Pipeline->{closure:{closure:Illuminate\\Pipeline\\Pipeline::carry():194}:195}()
#42 /mnt/windows-d/Linux Shared Files/VsCode/qrcode-maker/backend/vendor/laravel/framework/src/Illuminate/Pipeline/Pipeline.php(219): Illuminate\\Http\\Middleware\\HandleCors->handle()
#43 /mnt/windows-d/Linux Shared Files/VsCode/qrcode-maker/backend/vendor/laravel/framework/src/Illuminate/Http/Middleware/TrustProxies.php(58): Illuminate\\Pipeline\\Pipeline->{closure:{closure:Illuminate\\Pipeline\\Pipeline::carry():194}:195}()
#44 /mnt/windows-d/Linux Shared Files/VsCode/qrcode-maker/backend/vendor/laravel/framework/src/Illuminate/Pipeline/Pipeline.php(219): Illuminate\\Http\\Middleware\\TrustProxies->handle()
#45 /mnt/windows-d/Linux Shared Files/VsCode/qrcode-maker/backend/vendor/laravel/framework/src/Illuminate/Foundation/Http/Middleware/InvokeDeferredCallbacks.php(22): Illuminate\\Pipeline\\Pipeline->{closure:{closure:Illuminate\\Pipeline\\Pipeline::carry():194}:195}()
#46 /mnt/windows-d/Linux Shared Files/VsCode/qrcode-maker/backend/vendor/laravel/framework/src/Illuminate/Pipeline/Pipeline.php(219): Illuminate\\Foundation\\Http\\Middleware\\InvokeDeferredCallbacks->handle()
#47 /mnt/windows-d/Linux Shared Files/VsCode/qrcode-maker/backend/vendor/laravel/framework/src/Illuminate/Http/Middleware/ValidatePathEncoding.php(26): Illuminate\\Pipeline\\Pipeline->{closure:{closure:Illuminate\\Pipeline\\Pipeline::carry():194}:195}()
#48 /mnt/windows-d/Linux Shared Files/VsCode/qrcode-maker/backend/vendor/laravel/framework/src/Illuminate/Pipeline/Pipeline.php(219): Illuminate\\Http\\Middleware\\ValidatePathEncoding->handle()
#49 /mnt/windows-d/Linux Shared Files/VsCode/qrcode-maker/backend/vendor/laravel/framework/src/Illuminate/Pipeline/Pipeline.php(137): Illuminate\\Pipeline\\Pipeline->{closure:{closure:Illuminate\\Pipeline\\Pipeline::carry():194}:195}()
#50 /mnt/windows-d/Linux Shared Files/VsCode/qrcode-maker/backend/vendor/laravel/framework/src/Illuminate/Foundation/Http/Kernel.php(175): Illuminate\\Pipeline\\Pipeline->then()
#51 /mnt/windows-d/Linux Shared Files/VsCode/qrcode-maker/backend/vendor/laravel/framework/src/Illuminate/Foundation/Http/Kernel.php(144): Illuminate\\Foundation\\Http\\Kernel->sendRequestThroughRouter()
#52 /mnt/windows-d/Linux Shared Files/VsCode/qrcode-maker/backend/vendor/laravel/framework/src/Illuminate/Foundation/Application.php(1220): Illuminate\\Foundation\\Http\\Kernel->handle()
#53 /mnt/windows-d/Linux Shared Files/VsCode/qrcode-maker/backend/public/index.php(20): Illuminate\\Foundation\\Application->handleRequest()
#54 /mnt/windows-d/Linux Shared Files/VsCode/qrcode-maker/backend/vendor/laravel/framework/src/Illuminate/Foundation/resources/server.php(23): require_once('...')
#55 {main}
"} 
[2025-12-17 21:08:44] local.ERROR: SQLSTATE[HY000]: General error: 1 no such table: sessions (Connection: sqlite, SQL: select * from "sessions" where "id" = Z0tzvVNWitGUKbbfmvfKyPe71sWYc4XqfINPxX7w limit 1) {"exception":"[object] (Illuminate\\Database\\QueryException(code: HY000): SQLSTATE[HY000]: General error: 1 no such table: sessions (Connection: sqlite, SQL: select * from \"sessions\" where \"id\" = Z0tzvVNWitGUKbbfmvfKyPe71sWYc4XqfINPxX7w limit 1) at /mnt/windows-d/Linux Shared Files/VsCode/qrcode-maker/backend/vendor/laravel/framework/src/Illuminate/Database/Connection.php:826)
[stacktrace]
#0 /mnt/windows-d/Linux Shared Files/VsCode/qrcode-maker/backend/vendor/laravel/framework/src/Illuminate/Database/Connection.php(780): Illuminate\\Database\\Connection->runQueryCallback()
#1 /mnt/windows-d/Linux Shared Files/VsCode/qrcode-maker/backend/vendor/laravel/framework/src/Illuminate/Database/Connection.php(397): Illuminate\\Database\\Connection->run()
#2 /mnt/windows-d/Linux Shared Files/VsCode/qrcode-maker/backend/vendor/laravel/framework/src/Illuminate/Database/Query/Builder.php(3188): Illuminate\\Database\\Connection->select()
#3 /mnt/windows-d/Linux Shared Files/VsCode/qrcode-maker/backend/vendor/laravel/framework/src/Illuminate/Database/Query/Builder.php(3173): Illuminate\\Database\\Query\\Builder->runSelect()
#4 /mnt/windows-d/Linux Shared Files/VsCode/qrcode-maker/backend/vendor/laravel/framework/src/Illuminate/Database/Query/Builder.php(3763): Illuminate\\Database\\Query\\Builder->{closure:Illuminate\\Database\\Query\\Builder::get():3172}()
#5 /mnt/windows-d/Linux Shared Files/VsCode/qrcode-maker/backend/vendor/laravel/framework/src/Illuminate/Database/Query/Builder.php(3172): Illuminate\\Database\\Query\\Builder->onceWithColumns()
#6 /mnt/windows-d/Linux Shared Files/VsCode/qrcode-maker/backend/vendor/laravel/framework/src/Illuminate/Database/Concerns/BuildsQueries.php(366): Illuminate\\Database\\Query\\Builder->get()
#7 /mnt/windows-d/Linux Shared Files/VsCode/qrcode-maker/backend/vendor/laravel/framework/src/Illuminate/Database/Query/Builder.php(3095): Illuminate\\Database\\Query\\Builder->first()
#8 /mnt/windows-d/Linux Shared Files/VsCode/qrcode-maker/backend/vendor/laravel/framework/src/Illuminate/Session/DatabaseSessionHandler.php(96): Illuminate\\Database\\Query\\Builder->find()
#9 /mnt/windows-d/Linux Shared Files/VsCode/qrcode-maker/backend/vendor/laravel/framework/src/Illuminate/Session/Store.php(117): Illuminate\\Session\\DatabaseSessionHandler->read()
#10 /mnt/windows-d/Linux Shared Files/VsCode/qrcode-maker/backend/vendor/laravel/framework/src/Illuminate/Session/Store.php(105): Illuminate\\Session\\Store->readFromHandler()
#11 /mnt/windows-d/Linux Shared Files/VsCode/qrcode-maker/backend/vendor/laravel/framework/src/Illuminate/Session/Store.php(89): Illuminate\\Session\\Store->loadSession()
#12 /mnt/windows-d/Linux Shared Files/VsCode/qrcode-maker/backend/vendor/laravel/framework/src/Illuminate/Session/Middleware/StartSession.php(146): Illuminate\\Session\\Store->start()
#13 /mnt/windows-d/Linux Shared Files/VsCode/qrcode-maker/backend/vendor/laravel/framework/src/Illuminate/Support/helpers.php(390): Illuminate\\Session\\Middleware\\StartSession->{closure:Illuminate\\Session\\Middleware\\StartSession::startSession():143}()
#14 /mnt/windows-d/Linux Shared Files/VsCode/qrcode-maker/backend/vendor/laravel/framework/src/Illuminate/Session/Middleware/StartSession.php(143): tap()
#15 /mnt/windows-d/Linux Shared Files/VsCode/qrcode-maker/backend/vendor/laravel/framework/src/Illuminate/Session/Middleware/StartSession.php(115): Illuminate\\Session\\Middleware\\StartSession->startSession()
#16 /mnt/windows-d/Linux Shared Files/VsCode/qrcode-maker/backend/vendor/laravel/framework/src/Illuminate/Session/Middleware/StartSession.php(63): Illuminate\\Session\\Middleware\\StartSession->handleStatefulRequest()
#17 /mnt/windows-d/Linux Shared Files/VsCode/qrcode-maker/backend/vendor/laravel/framework/src/Illuminate/Pipeline/Pipeline.php(219): Illuminate\\Session\\Middleware\\StartSession->handle()
#18 /mnt/windows-d/Linux Shared Files/VsCode/qrcode-maker/backend/vendor/laravel/framework/src/Illuminate/Cookie/Middleware/AddQueuedCookiesToResponse.php(36): Illuminate\\Pipeline\\Pipeline->{closure:{closure:Illuminate\\Pipeline\\Pipeline::carry():194}:195}()
#19 /mnt/windows-d/Linux Shared Files/VsCode/qrcode-maker/backend/vendor/laravel/framework/src/Illuminate/Pipeline/Pipeline.php(219): Illuminate\\Cookie\\Middleware\\AddQueuedCookiesToResponse->handle()
#20 /mnt/windows-d/Linux Shared Files/VsCode/qrcode-maker/backend/vendor/laravel/framework/src/Illuminate/Cookie/Middleware/EncryptCookies.php(74): Illuminate\\Pipeline\\Pipeline->{closure:{closure:Illuminate\\Pipeline\\Pipeline::carry():194}:195}()
#21 /mnt/windows-d/Linux Shared Files/VsCode/qrcode-maker/backend/vendor/laravel/framework/src/Illuminate/Pipeline/Pipeline.php(219): Illuminate\\Cookie\\Middleware\\EncryptCookies->handle()
#22 /mnt/windows-d/Linux Shared Files/VsCode/qrcode-maker/backend/vendor/laravel/framework/src/Illuminate/Pipeline/Pipeline.php(137): Illuminate\\Pipeline\\Pipeline->{closure:{closure:Illuminate\\Pipeline\\Pipeline::carry():194}:195}()
#23 /mnt/windows-d/Linux Shared Files/VsCode/qrcode-maker/backend/vendor/laravel/framework/src/Illuminate/Routing/Router.php(821): Illuminate\\Pipeline\\Pipeline->then()
#24 /mnt/windows-d/Linux Shared Files/VsCode/qrcode-maker/backend/vendor/laravel/framework/src/Illuminate/Routing/Router.php(800): Illuminate\\Routing\\Router->runRouteWithinStack()
#25 /mnt/windows-d/Linux Shared Files/VsCode/qrcode-maker/backend/vendor/laravel/framework/src/Illuminate/Routing/Router.php(764): Illuminate\\Routing\\Router->runRoute()
#26 /mnt/windows-d/Linux Shared Files/VsCode/qrcode-maker/backend/vendor/laravel/framework/src/Illuminate/Routing/Router.php(753): Illuminate\\Routing\\Router->dispatchToRoute()
#27 /mnt/windows-d/Linux Shared Files/VsCode/qrcode-maker/backend/vendor/laravel/framework/src/Illuminate/Foundation/Http/Kernel.php(200): Illuminate\\Routing\\Router->dispatch()
#28 /mnt/windows-d/Linux Shared Files/VsCode/qrcode-maker/backend/vendor/laravel/framework/src/Illuminate/Pipeline/Pipeline.php(180): Illuminate\\Foundation\\Http\\Kernel->{closure:Illuminate\\Foundation\\Http\\Kernel::dispatchToRouter():197}()
#29 /mnt/windows-d/Linux Shared Files/VsCode/qrcode-maker/backend/vendor/laravel/framework/src/Illuminate/Foundation/Http/Middleware/TransformsRequest.php(21): Illuminate\\Pipeline\\Pipeline->{closure:Illuminate\\Pipeline\\Pipeline::prepareDestination():178}()
#30 /mnt/windows-d/Linux Shared Files/VsCode/qrcode-maker/backend/vendor/laravel/framework/src/Illuminate/Foundation/Http/Middleware/ConvertEmptyStringsToNull.php(31): Illuminate\\Foundation\\Http\\Middleware\\TransformsRequest->handle()
#31 /mnt/windows-d/Linux Shared Files/VsCode/qrcode-maker/backend/vendor/laravel/framework/src/Illuminate/Pipeline/Pipeline.php(219): Illuminate\\Foundation\\Http\\Middleware\\ConvertEmptyStringsToNull->handle()
#32 /mnt/windows-d/Linux Shared Files/VsCode/qrcode-maker/backend/vendor/laravel/framework/src/Illuminate/Foundation/Http/Middleware/TransformsRequest.php(21): Illuminate\\Pipeline\\Pipeline->{closure:{closure:Illuminate\\Pipeline\\Pipeline::carry():194}:195}()
#33 /mnt/windows-d/Linux Shared Files/VsCode/qrcode-maker/backend/vendor/laravel/framework/src/Illuminate/Foundation/Http/Middleware/TrimStrings.php(51): Illuminate\\Foundation\\Http\\Middleware\\TransformsRequest->handle()
#34 /mnt/windows-d/Linux Shared Files/VsCode/qrcode-maker/backend/vendor/laravel/framework/src/Illuminate/Pipeline/Pipeline.php(219): Illuminate\\Foundation\\Http\\Middleware\\TrimStrings->handle()
#35 /mnt/windows-d/Linux Shared Files/VsCode/qrcode-maker/backend/vendor/laravel/framework/src/Illuminate/Http/Middleware/ValidatePostSize.php(27): Illuminate\\Pipeline\\Pipeline->{closure:{closure:Illuminate\\Pipeline\\Pipeline::carry():194}:195}()
#36 /mnt/windows-d/Linux Shared Files/VsCode/qrcode-maker/backend/vendor/laravel/framework/src/Illuminate/Pipeline/Pipeline.php(219): Illuminate\\Http\\Middleware\\ValidatePostSize->handle()
#37 /mnt/windows-d/Linux Shared Files/VsCode/qrcode-maker/backend/vendor/laravel/framework/src/Illuminate/Foundation/Http/Middleware/PreventRequestsDuringMaintenance.php(109): Illuminate\\Pipeline\\Pipeline->{closure:{closure:Illuminate\\Pipeline\\Pipeline::carry():194}:195}()
#38 /mnt/windows-d/Linux Shared Files/VsCode/qrcode-maker/backend/vendor/laravel/framework/src/Illuminate/Pipeline/Pipeline.php(219): Illuminate\\Foundation\\Http\\Middleware\\PreventRequestsDuringMaintenance->handle()
#39 /mnt/windows-d/Linux Shared Files/VsCode/qrcode-maker/backend/vendor/laravel/framework/src/Illuminate/Http/Middleware/HandleCors.php(48): Illuminate\\Pipeline\\Pipeline->{closure:{closure:Illuminate\\Pipeline\\Pipeline::carry():194}:195}()
#40 /mnt/windows-d/Linux Shared Files/VsCode/qrcode-maker/backend/vendor/laravel/framework/src/Illuminate/Pipeline/Pipeline.php(219): Illuminate\\Http\\Middleware\\HandleCors->handle()
#41 /mnt/windows-d/Linux Shared Files/VsCode/qrcode-maker/backend/vendor/laravel/framework/src/Illuminate/Http/Middleware/TrustProxies.php(58): Illuminate\\Pipeline\\Pipeline->{closure:{closure:Illuminate\\Pipeline\\Pipeline::carry():194}:195}()
#42 /mnt/windows-d/Linux Shared Files/VsCode/qrcode-maker/backend/vendor/laravel/framework/src/Illuminate/Pipeline/Pipeline.php(219): Illuminate\\Http\\Middleware\\TrustProxies->handle()
#43 /mnt/windows-d/Linux Shared Files/VsCode/qrcode-maker/backend/vendor/laravel/framework/src/Illuminate/Foundation/Http/Middleware/InvokeDeferredCallbacks.php(22): Illuminate\\Pipeline\\Pipeline->{closure:{closure:Illuminate\\Pipeline\\Pipeline::carry():194}:195}()
#44 /mnt/windows-d/Linux Shared Files/VsCode/qrcode-maker/backend/vendor/laravel/framework/src/Illuminate/Pipeline/Pipeline.php(219): Illuminate\\Foundation\\Http\\Middleware\\InvokeDeferredCallbacks->handle()
#45 /mnt/windows-d/Linux Shared Files/VsCode/qrcode-maker/backend/vendor/laravel/framework/src/Illuminate/Http/Middleware/ValidatePathEncoding.php(26): Illuminate\\Pipeline\\Pipeline->{closure:{closure:Illuminate\\Pipeline\\Pipeline::carry():194}:195}()
#46 /mnt/windows-d/Linux Shared Files/VsCode/qrcode-maker/backend/vendor/laravel/framework/src/Illuminate/Pipeline/Pipeline.php(219): Illuminate\\Http\\Middleware\\ValidatePathEncoding->handle()
#47 /mnt/windows-d/Linux Shared Files/VsCode/qrcode-maker/backend/vendor/laravel/framework/src/Illuminate/Pipeline/Pipeline.php(137): Illuminate\\Pipeline\\Pipeline->{closure:{closure:Illuminate\\Pipeline\\Pipeline::carry():194}:195}()
#48 /mnt/windows-d/Linux Shared Files/VsCode/qrcode-maker/backend/vendor/laravel/framework/src/Illuminate/Foundation/Http/Kernel.php(175): Illuminate\\Pipeline\\Pipeline->then()
#49 /mnt/windows-d/Linux Shared Files/VsCode/qrcode-maker/backend/vendor/laravel/framework/src/Illuminate/Foundation/Http/Kernel.php(144): Illuminate\\Foundation\\Http\\Kernel->sendRequestThroughRouter()
#50 /mnt/windows-d/Linux Shared Files/VsCode/qrcode-maker/backend/vendor/laravel/framework/src/Illuminate/Foundation/Application.php(1220): Illuminate\\Foundation\\Http\\Kernel->handle()
#51 /mnt/windows-d/Linux Shared Files/VsCode/qrcode-maker/backend/public/index.php(20): Illuminate\\Foundation\\Application->handleRequest()
#52 /mnt/windows-d/Linux Shared Files/VsCode/qrcode-maker/backend/vendor/laravel/framework/src/Illuminate/Foundation/resources/server.php(23): require_once('...')
#53 {main}

[previous exception] [object] (PDOException(code: HY000): SQLSTATE[HY000]: General error: 1 no such table: sessions at /mnt/windows-d/Linux Shared Files/VsCode/qrcode-maker/backend/vendor/laravel/framework/src/Illuminate/Database/Connection.php:406)
[stacktrace]
#0 /mnt/windows-d/Linux Shared Files/VsCode/qrcode-maker/backend/vendor/laravel/framework/src/Illuminate/Database/Connection.php(406): PDO->prepare()
#1 /mnt/windows-d/Linux Shared Files/VsCode/qrcode-maker/backend/vendor/laravel/framework/src/Illuminate/Database/Connection.php(813): Illuminate\\Database\\Connection->{closure:Illuminate\\Database\\Connection::select():397}()
#2 /mnt/windows-d/Linux Shared Files/VsCode/qrcode-maker/backend/vendor/laravel/framework/src/Illuminate/Database/Connection.php(780): Illuminate\\Database\\Connection->runQueryCallback()
#3 /mnt/windows-d/Linux Shared Files/VsCode/qrcode-maker/backend/vendor/laravel/framework/src/Illuminate/Database/Connection.php(397): Illuminate\\Database\\Connection->run()
#4 /mnt/windows-d/Linux Shared Files/VsCode/qrcode-maker/backend/vendor/laravel/framework/src/Illuminate/Database/Query/Builder.php(3188): Illuminate\\Database\\Connection->select()
#5 /mnt/windows-d/Linux Shared Files/VsCode/qrcode-maker/backend/vendor/laravel/framework/src/Illuminate/Database/Query/Builder.php(3173): Illuminate\\Database\\Query\\Builder->runSelect()
#6 /mnt/windows-d/Linux Shared Files/VsCode/qrcode-maker/backend/vendor/laravel/framework/src/Illuminate/Database/Query/Builder.php(3763): Illuminate\\Database\\Query\\Builder->{closure:Illuminate\\Database\\Query\\Builder::get():3172}()
#7 /mnt/windows-d/Linux Shared Files/VsCode/qrcode-maker/backend/vendor/laravel/framework/src/Illuminate/Database/Query/Builder.php(3172): Illuminate\\Database\\Query\\Builder->onceWithColumns()
#8 /mnt/windows-d/Linux Shared Files/VsCode/qrcode-maker/backend/vendor/laravel/framework/src/Illuminate/Database/Concerns/BuildsQueries.php(366): Illuminate\\Database\\Query\\Builder->get()
#9 /mnt/windows-d/Linux Shared Files/VsCode/qrcode-maker/backend/vendor/laravel/framework/src/Illuminate/Database/Query/Builder.php(3095): Illuminate\\Database\\Query\\Builder->first()
#10 /mnt/windows-d/Linux Shared Files/VsCode/qrcode-maker/backend/vendor/laravel/framework/src/Illuminate/Session/DatabaseSessionHandler.php(96): Illuminate\\Database\\Query\\Builder->find()
#11 /mnt/windows-d/Linux Shared Files/VsCode/qrcode-maker/backend/vendor/laravel/framework/src/Illuminate/Session/Store.php(117): Illuminate\\Session\\DatabaseSessionHandler->read()
#12 /mnt/windows-d/Linux Shared Files/VsCode/qrcode-maker/backend/vendor/laravel/framework/src/Illuminate/Session/Store.php(105): Illuminate\\Session\\Store->readFromHandler()
#13 /mnt/windows-d/Linux Shared Files/VsCode/qrcode-maker/backend/vendor/laravel/framework/src/Illuminate/Session/Store.php(89): Illuminate\\Session\\Store->loadSession()
#14 /mnt/windows-d/Linux Shared Files/VsCode/qrcode-maker/backend/vendor/laravel/framework/src/Illuminate/Session/Middleware/StartSession.php(146): Illuminate\\Session\\Store->start()
#15 /mnt/windows-d/Linux Shared Files/VsCode/qrcode-maker/backend/vendor/laravel/framework/src/Illuminate/Support/helpers.php(390): Illuminate\\Session\\Middleware\\StartSession->{closure:Illuminate\\Session\\Middleware\\StartSession::startSession():143}()
#16 /mnt/windows-d/Linux Shared Files/VsCode/qrcode-maker/backend/vendor/laravel/framework/src/Illuminate/Session/Middleware/StartSession.php(143): tap()
#17 /mnt/windows-d/Linux Shared Files/VsCode/qrcode-maker/backend/vendor/laravel/framework/src/Illuminate/Session/Middleware/StartSession.php(115): Illuminate\\Session\\Middleware\\StartSession->startSession()
#18 /mnt/windows-d/Linux Shared Files/VsCode/qrcode-maker/backend/vendor/laravel/framework/src/Illuminate/Session/Middleware/StartSession.php(63): Illuminate\\Session\\Middleware\\StartSession->handleStatefulRequest()
#19 /mnt/windows-d/Linux Shared Files/VsCode/qrcode-maker/backend/vendor/laravel/framework/src/Illuminate/Pipeline/Pipeline.php(219): Illuminate\\Session\\Middleware\\StartSession->handle()
#20 /mnt/windows-d/Linux Shared Files/VsCode/qrcode-maker/backend/vendor/laravel/framework/src/Illuminate/Cookie/Middleware/AddQueuedCookiesToResponse.php(36): Illuminate\\Pipeline\\Pipeline->{closure:{closure:Illuminate\\Pipeline\\Pipeline::carry():194}:195}()
#21 /mnt/windows-d/Linux Shared Files/VsCode/qrcode-maker/backend/vendor/laravel/framework/src/Illuminate/Pipeline/Pipeline.php(219): Illuminate\\Cookie\\Middleware\\AddQueuedCookiesToResponse->handle()
#22 /mnt/windows-d/Linux Shared Files/VsCode/qrcode-maker/backend/vendor/laravel/framework/src/Illuminate/Cookie/Middleware/EncryptCookies.php(74): Illuminate\\Pipeline\\Pipeline->{closure:{closure:Illuminate\\Pipeline\\Pipeline::carry():194}:195}()
#23 /mnt/windows-d/Linux Shared Files/VsCode/qrcode-maker/backend/vendor/laravel/framework/src/Illuminate/Pipeline/Pipeline.php(219): Illuminate\\Cookie\\Middleware\\EncryptCookies->handle()
#24 /mnt/windows-d/Linux Shared Files/VsCode/qrcode-maker/backend/vendor/laravel/framework/src/Illuminate/Pipeline/Pipeline.php(137): Illuminate\\Pipeline\\Pipeline->{closure:{closure:Illuminate\\Pipeline\\Pipeline::carry():194}:195}()
#25 /mnt/windows-d/Linux Shared Files/VsCode/qrcode-maker/backend/vendor/laravel/framework/src/Illuminate/Routing/Router.php(821): Illuminate\\Pipeline\\Pipeline->then()
#26 /mnt/windows-d/Linux Shared Files/VsCode/qrcode-maker/backend/vendor/laravel/framework/src/Illuminate/Routing/Router.php(800): Illuminate\\Routing\\Router->runRouteWithinStack()
#27 /mnt/windows-d/Linux Shared Files/VsCode/qrcode-maker/backend/vendor/laravel/framework/src/Illuminate/Routing/Router.php(764): Illuminate\\Routing\\Router->runRoute()
#28 /mnt/windows-d/Linux Shared Files/VsCode/qrcode-maker/backend/vendor/laravel/framework/src/Illuminate/Routing/Router.php(753): Illuminate\\Routing\\Router->dispatchToRoute()
#29 /mnt/windows-d/Linux Shared Files/VsCode/qrcode-maker/backend/vendor/laravel/framework/src/Illuminate/Foundation/Http/Kernel.php(200): Illuminate\\Routing\\Router->dispatch()
#30 /mnt/windows-d/Linux Shared Files/VsCode/qrcode-maker/backend/vendor/laravel/framework/src/Illuminate/Pipeline/Pipeline.php(180): Illuminate\\Foundation\\Http\\Kernel->{closure:Illuminate\\Foundation\\Http\\Kernel::dispatchToRouter():197}()
#31 /mnt/windows-d/Linux Shared Files/VsCode/qrcode-maker/backend/vendor/laravel/framework/src/Illuminate/Foundation/Http/Middleware/TransformsRequest.php(21): Illuminate\\Pipeline\\Pipeline->{closure:Illuminate\\Pipeline\\Pipeline::prepareDestination():178}()
#32 /mnt/windows-d/Linux Shared Files/VsCode/qrcode-maker/backend/vendor/laravel/framework/src/Illuminate/Foundation/Http/Middleware/ConvertEmptyStringsToNull.php(31): Illuminate\\Foundation\\Http\\Middleware\\TransformsRequest->handle()
#33 /mnt/windows-d/Linux Shared Files/VsCode/qrcode-maker/backend/vendor/laravel/framework/src/Illuminate/Pipeline/Pipeline.php(219): Illuminate\\Foundation\\Http\\Middleware\\ConvertEmptyStringsToNull->handle()
#34 /mnt/windows-d/Linux Shared Files/VsCode/qrcode-maker/backend/vendor/laravel/framework/src/Illuminate/Foundation/Http/Middleware/TransformsRequest.php(21): Illuminate\\Pipeline\\Pipeline->{closure:{closure:Illuminate\\Pipeline\\Pipeline::carry():194}:195}()
#35 /mnt/windows-d/Linux Shared Files/VsCode/qrcode-maker/backend/vendor/laravel/framework/src/Illuminate/Foundation/Http/Middleware/TrimStrings.php(51): Illuminate\\Foundation\\Http\\Middleware\\TransformsRequest->handle()
#36 /mnt/windows-d/Linux Shared Files/VsCode/qrcode-maker/backend/vendor/laravel/framework/src/Illuminate/Pipeline/Pipeline.php(219): Illuminate\\Foundation\\Http\\Middleware\\TrimStrings->handle()
#37 /mnt/windows-d/Linux Shared Files/VsCode/qrcode-maker/backend/vendor/laravel/framework/src/Illuminate/Http/Middleware/ValidatePostSize.php(27): Illuminate\\Pipeline\\Pipeline->{closure:{closure:Illuminate\\Pipeline\\Pipeline::carry():194}:195}()
#38 /mnt/windows-d/Linux Shared Files/VsCode/qrcode-maker/backend/vendor/laravel/framework/src/Illuminate/Pipeline/Pipeline.php(219): Illuminate\\Http\\Middleware\\ValidatePostSize->handle()
#39 /mnt/windows-d/Linux Shared Files/VsCode/qrcode-maker/backend/vendor/laravel/framework/src/Illuminate/Foundation/Http/Middleware/PreventRequestsDuringMaintenance.php(109): Illuminate\\Pipeline\\Pipeline->{closure:{closure:Illuminate\\Pipeline\\Pipeline::carry():194}:195}()
#40 /mnt/windows-d/Linux Shared Files/VsCode/qrcode-maker/backend/vendor/laravel/framework/src/Illuminate/Pipeline/Pipeline.php(219): Illuminate\\Foundation\\Http\\Middleware\\PreventRequestsDuringMaintenance->handle()
#41 /mnt/windows-d/Linux Shared Files/VsCode/qrcode-maker/backend/vendor/laravel/framework/src/Illuminate/Http/Middleware/HandleCors.php(48): Illuminate\\Pipeline\\Pipeline->{closure:{closure:Illuminate\\Pipeline\\Pipeline::carry():194}:195}()
#42 /mnt/windows-d/Linux Shared Files/VsCode/qrcode-maker/backend/vendor/laravel/framework/src/Illuminate/Pipeline/Pipeline.php(219): Illuminate\\Http\\Middleware\\HandleCors->handle()
#43 /mnt/windows-d/Linux Shared Files/VsCode/qrcode-maker/backend/vendor/laravel/framework/src/Illuminate/Http/Middleware/TrustProxies.php(58): Illuminate\\Pipeline\\Pipeline->{closure:{closure:Illuminate\\Pipeline\\Pipeline::carry():194}:195}()
#44 /mnt/windows-d/Linux Shared Files/VsCode/qrcode-maker/backend/vendor/laravel/framework/src/Illuminate/Pipeline/Pipeline.php(219): Illuminate\\Http\\Middleware\\TrustProxies->handle()
#45 /mnt/windows-d/Linux Shared Files/VsCode/qrcode-maker/backend/vendor/laravel/framework/src/Illuminate/Foundation/Http/Middleware/InvokeDeferredCallbacks.php(22): Illuminate\\Pipeline\\Pipeline->{closure:{closure:Illuminate\\Pipeline\\Pipeline::carry():194}:195}()
#46 /mnt/windows-d/Linux Shared Files/VsCode/qrcode-maker/backend/vendor/laravel/framework/src/Illuminate/Pipeline/Pipeline.php(219): Illuminate\\Foundation\\Http\\Middleware\\InvokeDeferredCallbacks->handle()
#47 /mnt/windows-d/Linux Shared Files/VsCode/qrcode-maker/backend/vendor/laravel/framework/src/Illuminate/Http/Middleware/ValidatePathEncoding.php(26): Illuminate\\Pipeline\\Pipeline->{closure:{closure:Illuminate\\Pipeline\\Pipeline::carry():194}:195}()
#48 /mnt/windows-d/Linux Shared Files/VsCode/qrcode-maker/backend/vendor/laravel/framework/src/Illuminate/Pipeline/Pipeline.php(219): Illuminate\\Http\\Middleware\\ValidatePathEncoding->handle()
#49 /mnt/windows-d/Linux Shared Files/VsCode/qrcode-maker/backend/vendor/laravel/framework/src/Illuminate/Pipeline/Pipeline.php(137): Illuminate\\Pipeline\\Pipeline->{closure:{closure:Illuminate\\Pipeline\\Pipeline::carry():194}:195}()
#50 /mnt/windows-d/Linux Shared Files/VsCode/qrcode-maker/backend/vendor/laravel/framework/src/Illuminate/Foundation/Http/Kernel.php(175): Illuminate\\Pipeline\\Pipeline->then()
#51 /mnt/windows-d/Linux Shared Files/VsCode/qrcode-maker/backend/vendor/laravel/framework/src/Illuminate/Foundation/Http/Kernel.php(144): Illuminate\\Foundation\\Http\\Kernel->sendRequestThroughRouter()
#52 /mnt/windows-d/Linux Shared Files/VsCode/qrcode-maker/backend/vendor/laravel/framework/src/Illuminate/Foundation/Application.php(1220): Illuminate\\Foundation\\Http\\Kernel->handle()
#53 /mnt/windows-d/Linux Shared Files/VsCode/qrcode-maker/backend/public/index.php(20): Illuminate\\Foundation\\Application->handleRequest()
#54 /mnt/windows-d/Linux Shared Files/VsCode/qrcode-maker/backend/vendor/laravel/framework/src/Illuminate/Foundation/resources/server.php(23): require_once('...')
#55 {main}
"} 
